#
# There is insufficient memory for the Java Runtime Environment to continue.
# Native memory allocation (mmap) failed to map 132120576 bytes for G1 virtual space
# Possible reasons:
#   The system is out of physical RAM or swap space
#   The process is running with CompressedOops enabled, and the Java Heap may be blocking the growth of the native heap
# Possible solutions:
#   Reduce memory load on the system
#   Increase physical memory or swap space
#   Check if swap backing store is full
#   Decrease Java heap size (-Xmx/-Xms)
#   Decrease number of Java threads
#   Decrease Java thread stack sizes (-Xss)
#   Set larger code cache with -XX:ReservedCodeCacheSize=
#   JVM is running with Unscaled Compressed Oops mode in which the Java heap is
#     placed in the first 4GB address space. The Java Heap base address is the
#     maximum limit for the native heap growth. Please use -XX:HeapBaseMinAddress
#     to set the Java Heap base and to place the Java Heap above 4GB virtual address.
# This output file may be truncated or incomplete.
#
#  Out of Memory Error (os_windows.cpp:3769), pid=8460, tid=9708
#
# JRE version: OpenJDK Runtime Environment (17.0.6) (build 17.0.6+0-b2043.56-10027231)
# Java VM: OpenJDK 64-Bit Server VM (17.0.6+0-b2043.56-10027231, mixed mode, tiered, compressed oops, compressed class ptrs, g1 gc, windows-amd64)
# No core dump will be written. Minidumps are not enabled by default on client versions of Windows
#

---------------  S U M M A R Y ------------

Command Line: --add-opens=java.base/java.util=ALL-UNNAMED --add-opens=java.base/java.lang=ALL-UNNAMED --add-opens=java.base/java.lang.invoke=ALL-UNNAMED --add-opens=java.prefs/java.util.prefs=ALL-UNNAMED --add-opens=java.base/java.nio.charset=ALL-UNNAMED --add-opens=java.base/java.net=ALL-UNNAMED --add-opens=java.base/java.util.concurrent.atomic=ALL-UNNAMED -Xmx2048m -Dfile.encoding=UTF-8 -Duser.country=BR -Duser.language=pt -Duser.variant org.gradle.launcher.daemon.bootstrap.GradleDaemon 8.0

Host: Intel(R) Core(TM) i7-8550U CPU @ 1.80GHz, 8 cores, 7G,  Windows 10 , 64 bit Build 19041 (10.0.19041.3393)
Time: Tue Sep 19 00:34:14 2023 Hora oficial do Brasil elapsed time: 49.993121 seconds (0d 0h 0m 49s)

---------------  T H R E A D  ---------------

Current thread (0x000001dad9866310):  VMThread "VM Thread" [stack: 0x000000d809d00000,0x000000d809e00000] [id=9708]

Stack: [0x000000d809d00000,0x000000d809e00000]
Native frames: (J=compiled Java code, j=interpreted, Vv=VM code, C=native code)
V  [jvm.dll+0x683c9a]
V  [jvm.dll+0x8427a4]
V  [jvm.dll+0x843f9e]
V  [jvm.dll+0x844603]
V  [jvm.dll+0x249b75]
V  [jvm.dll+0x680b69]
V  [jvm.dll+0x67505a]
V  [jvm.dll+0x309acb]
V  [jvm.dll+0x310f86]
V  [jvm.dll+0x3608ee]
V  [jvm.dll+0x360b1f]
V  [jvm.dll+0x2dfbf8]
V  [jvm.dll+0x2ddec4]
V  [jvm.dll+0x2dd4cc]
V  [jvm.dll+0x321f3b]
V  [jvm.dll+0x848ccb]
V  [jvm.dll+0x849a04]
V  [jvm.dll+0x849f1d]
V  [jvm.dll+0x84a2f4]
V  [jvm.dll+0x84a3c0]
V  [jvm.dll+0x7f274a]
V  [jvm.dll+0x682ad5]
C  [ucrtbase.dll+0x21bb2]
C  [KERNEL32.DLL+0x17344]
C  [ntdll.dll+0x526b1]

VM_Operation (0x000000d80aafdf40): G1CollectForAllocation, mode: safepoint, requested by thread 0x000001dadae8f3c0


---------------  P R O C E S S  ---------------

Threads class SMR info:
_java_thread_list=0x000001dadd012ed0, length=137, elements={
0x000001dabfa5a030, 0x000001dad98e5620, 0x000001dada401690, 0x000001dad98eea30,
0x000001dada420310, 0x000001dada420bd0, 0x000001dada421490, 0x000001dada4267d0,
0x000001dada4274e0, 0x000001dada452e60, 0x000001dada5d2da0, 0x000001dada5d3a90,
0x000001dadae8f3c0, 0x000001dadae91a40, 0x000001dadae8eef0, 0x000001dadae91570,
0x000001dadae90bd0, 0x000001dadae8e080, 0x000001dadae8ea20, 0x000001dadae8f890,
0x000001dadae8e550, 0x000001dadae8fd60, 0x000001dadae90230, 0x000001dadae90700,
0x000001daddc87020, 0x000001daddc861b0, 0x000001daddc86680, 0x000001daddc8bd20,
0x000001daddc86b50, 0x000001daddc8a510, 0x000001daddc874f0, 0x000001daddc87e90,
0x000001daddc8cb90, 0x000001daddc88360, 0x000001daddc88d00, 0x000001daddc896a0,
0x000001daddc8aeb0, 0x000001daddc89b70, 0x000001daddc8a9e0, 0x000001daddc8b850,
0x000001dadfc6fd90, 0x000001dadfc6cd70, 0x000001dadfc6d240, 0x000001dadfc6dbe0,
0x000001dadfc6e0b0, 0x000001dadfc70c00, 0x000001dadfc728e0, 0x000001dadfc6f8c0,
0x000001dadfc70730, 0x000001dadfc6e580, 0x000001dadfc6ea50, 0x000001dadfc72410,
0x000001dadfc72db0, 0x000001dadfc71a70, 0x000001dadfc73280, 0x000001dadfc6ef20,
0x000001dadfc71f40, 0x000001dadfc6f3f0, 0x000001dadfc73750, 0x000001dadfc715a0,
0x000001dadfc710d0, 0x000001dadfc73c20, 0x000001daddae6b20, 0x000001daddae74c0,
0x000001daddae1950, 0x000001daddae1e20, 0x000001daddae6650, 0x000001daddae5310,
0x000001daddae44a0, 0x000001daddadfc70, 0x000001daddae5cb0, 0x000001daddae0ae0,
0x000001daddae22f0, 0x000001daddae27c0, 0x000001daddae2c90, 0x000001daddae0fb0,
0x000001daddae3160, 0x000001daddae6ff0, 0x000001daddae0140, 0x000001daddae4e40,
0x000001daddae6180, 0x000001daddae1480, 0x000001daddae3fd0, 0x000001daddae0610,
0x000001daddae3630, 0x000001daddae3b00, 0x000001daddae4970, 0x000001daddae57e0,
0x000001daddc1c850, 0x000001daddc1e060, 0x000001daddc18e90, 0x000001daddc18020,
0x000001daddc1cd20, 0x000001daddc16810, 0x000001daddc19830, 0x000001daddc1ab70,
0x000001daddc1b510, 0x000001daddc16ce0, 0x000001daddc171b0, 0x000001daddc1d6c0,
0x000001daddc19360, 0x000001daddc1d1f0, 0x000001daddc1b9e0, 0x000001daddc184f0,
0x000001daddc189c0, 0x000001daddc19d00, 0x000001daddc1a1d0, 0x000001daddc1db90,
0x000001daddc1a6a0, 0x000001daddc1b040, 0x000001daddc17680, 0x000001daddc1beb0,
0x000001daddc17b50, 0x000001daddc1c380, 0x000001dada702870, 0x000001dada704550,
0x000001dada704ef0, 0x000001dada7088b0, 0x000001dada702d40, 0x000001dada703210,
0x000001dada704080, 0x000001dada707570, 0x000001dada703bb0, 0x000001dada701a00,
0x000001dada7070a0, 0x000001dada706bd0, 0x000001dada707a40, 0x000001dada707f10,
0x000001dadfb7f1f0, 0x000001dadfb826e0, 0x000001dadfb80530, 0x000001dadfb85230,
0x000001dadfb81d40, 0x000001dadfb85bd0, 0x000001dadfb860a0, 0x000001dadfb80a00,
0x000001dadfb7f6c0
}

Java Threads: ( => current thread )
  0x000001dabfa5a030 JavaThread "main" [_thread_blocked, id=11136, stack(0x000000d809700000,0x000000d809800000)]
  0x000001dad98e5620 JavaThread "Reference Handler" daemon [_thread_blocked, id=8432, stack(0x000000d809e00000,0x000000d809f00000)]
  0x000001dada401690 JavaThread "Finalizer" daemon [_thread_blocked, id=15304, stack(0x000000d809f00000,0x000000d80a000000)]
  0x000001dad98eea30 JavaThread "Signal Dispatcher" daemon [_thread_blocked, id=13068, stack(0x000000d80a000000,0x000000d80a100000)]
  0x000001dada420310 JavaThread "Attach Listener" daemon [_thread_blocked, id=6756, stack(0x000000d80a100000,0x000000d80a200000)]
  0x000001dada420bd0 JavaThread "Service Thread" daemon [_thread_blocked, id=13868, stack(0x000000d80a200000,0x000000d80a300000)]
  0x000001dada421490 JavaThread "Monitor Deflation Thread" daemon [_thread_blocked, id=1616, stack(0x000000d80a300000,0x000000d80a400000)]
  0x000001dada4267d0 JavaThread "C2 CompilerThread0" daemon [_thread_blocked, id=13760, stack(0x000000d80a400000,0x000000d80a500000)]
  0x000001dada4274e0 JavaThread "C1 CompilerThread0" daemon [_thread_blocked, id=4164, stack(0x000000d80a500000,0x000000d80a600000)]
  0x000001dada452e60 JavaThread "Sweeper thread" daemon [_thread_blocked, id=14108, stack(0x000000d80a600000,0x000000d80a700000)]
  0x000001dada5d2da0 JavaThread "Common-Cleaner" daemon [_thread_blocked, id=13268, stack(0x000000d80a700000,0x000000d80a800000)]
  0x000001dada5d3a90 JavaThread "Notification Thread" daemon [_thread_blocked, id=1568, stack(0x000000d80a800000,0x000000d80a900000)]
  0x000001dadae8f3c0 JavaThread "Daemon health stats" [_thread_blocked, id=1968, stack(0x000000d80aa00000,0x000000d80ab00000)]
  0x000001dadae91a40 JavaThread "Incoming local TCP Connector on port 61133" [_thread_in_native, id=8040, stack(0x000000d80b000000,0x000000d80b100000)]
  0x000001dadae8eef0 JavaThread "Daemon periodic checks" [_thread_blocked, id=2280, stack(0x000000d80b100000,0x000000d80b200000)]
  0x000001dadae91570 JavaThread "Daemon" [_thread_blocked, id=14612, stack(0x000000d80b200000,0x000000d80b300000)]
  0x000001dadae90bd0 JavaThread "Handler for socket connection from /127.0.0.1:61133 to /127.0.0.1:61134" [_thread_in_native, id=1608, stack(0x000000d80b300000,0x000000d80b400000)]
  0x000001dadae8e080 JavaThread "Cancel handler" [_thread_blocked, id=15016, stack(0x000000d80b400000,0x000000d80b500000)]
  0x000001dadae8ea20 JavaThread "Daemon worker" [_thread_blocked, id=4404, stack(0x000000d80b500000,0x000000d80b600000)]
  0x000001dadae8f890 JavaThread "Asynchronous log dispatcher for DefaultDaemonConnection: socket connection from /127.0.0.1:61133 to /127.0.0.1:61134" [_thread_blocked, id=9888, stack(0x000000d80b600000,0x000000d80b700000)]
  0x000001dadae8e550 JavaThread "Stdin handler" [_thread_blocked, id=8136, stack(0x000000d80b700000,0x000000d80b800000)]
  0x000001dadae8fd60 JavaThread "Daemon client event forwarder" [_thread_blocked, id=14248, stack(0x000000d80b800000,0x000000d80b900000)]
  0x000001dadae90230 JavaThread "Cache worker for journal cache (C:\Users\Gabriel Xavier\.gradle\caches\journal-1)" [_thread_blocked, id=11332, stack(0x000000d80bd00000,0x000000d80be00000)]
  0x000001dadae90700 JavaThread "File lock request listener" [_thread_in_native, id=12588, stack(0x000000d80be00000,0x000000d80bf00000)]
  0x000001daddc87020 JavaThread "Cache worker for file hash cache (C:\Users\Gabriel Xavier\.gradle\caches\8.0\fileHashes)" [_thread_blocked, id=13808, stack(0x000000d80bf00000,0x000000d80c000000)]
  0x000001daddc861b0 JavaThread "File watcher server" daemon [_thread_blocked, id=8280, stack(0x000000d80af00000,0x000000d80b000000)]
  0x000001daddc86680 JavaThread "File watcher consumer" daemon [_thread_blocked, id=11292, stack(0x000000d80c500000,0x000000d80c600000)]
  0x000001daddc8bd20 JavaThread "Cache worker for checksums cache (E:\IFPB\CST\AndroidStudio\Sorte\.gradle\8.0\checksums)" [_thread_blocked, id=3868, stack(0x000000d80c700000,0x000000d80c800000)]
  0x000001daddc86b50 JavaThread "Cache worker for cache directory md-rule (C:\Users\Gabriel Xavier\.gradle\caches\8.0\md-rule)" [_thread_blocked, id=9568, stack(0x000000d80c800000,0x000000d80c900000)]
  0x000001daddc8a510 JavaThread "Cache worker for file content cache (C:\Users\Gabriel Xavier\.gradle\caches\8.0\fileContent)" [_thread_blocked, id=9772, stack(0x000000d80c900000,0x000000d80ca00000)]
  0x000001daddc874f0 JavaThread "Cache worker for file hash cache (E:\IFPB\CST\AndroidStudio\Sorte\.gradle\8.0\fileHashes)" [_thread_blocked, id=13676, stack(0x000000d80ca00000,0x000000d80cb00000)]
  0x000001daddc87e90 JavaThread "Cache worker for cache directory md-supplier (C:\Users\Gabriel Xavier\.gradle\caches\8.0\md-supplier)" [_thread_blocked, id=3560, stack(0x000000d80cb00000,0x000000d80cc00000)]
  0x000001daddc8cb90 JavaThread "Cache worker for execution history cache (C:\Users\Gabriel Xavier\.gradle\caches\8.0\executionHistory)" [_thread_blocked, id=7956, stack(0x000000d80c600000,0x000000d80c700000)]
  0x000001daddc88360 JavaThread "jar transforms" [_thread_blocked, id=11472, stack(0x000000d80cc00000,0x000000d80cd00000)]
  0x000001daddc88d00 JavaThread "jar transforms Thread 2" [_thread_blocked, id=3528, stack(0x000000d80cd00000,0x000000d80ce00000)]
  0x000001daddc896a0 JavaThread "Cache worker for kotlin-dsl (C:\Users\Gabriel Xavier\.gradle\caches\8.0\kotlin-dsl)" [_thread_blocked, id=13248, stack(0x000000d80cf00000,0x000000d80d000000)]
  0x000001daddc8aeb0 JavaThread "jar transforms Thread 3" [_thread_blocked, id=7748, stack(0x000000d80d000000,0x000000d80d100000)]
  0x000001daddc89b70 JavaThread "jar transforms Thread 4" [_thread_blocked, id=14908, stack(0x000000d80d100000,0x000000d80d200000)]
  0x000001daddc8a9e0 JavaThread "Cache worker for dependencies-accessors (E:\IFPB\CST\AndroidStudio\Sorte\.gradle\8.0\dependencies-accessors)" [_thread_blocked, id=12092, stack(0x000000d80d200000,0x000000d80d300000)]
  0x000001daddc8b850 JavaThread "Cache worker for Build Output Cleanup Cache (E:\IFPB\CST\AndroidStudio\Sorte\.gradle\buildOutputCleanup)" [_thread_blocked, id=14764, stack(0x000000d80d300000,0x000000d80d400000)]
  0x000001dadfc6fd90 JavaThread "jar transforms Thread 5" [_thread_blocked, id=13408, stack(0x000000d80d400000,0x000000d80d500000)]
  0x000001dadfc6cd70 JavaThread "Unconstrained build operations" [_thread_blocked, id=14368, stack(0x000000d80d500000,0x000000d80d600000)]
  0x000001dadfc6d240 JavaThread "Unconstrained build operations Thread 2" [_thread_blocked, id=14708, stack(0x000000d80d600000,0x000000d80d700000)]
  0x000001dadfc6dbe0 JavaThread "Unconstrained build operations Thread 3" [_thread_blocked, id=14268, stack(0x000000d80d700000,0x000000d80d800000)]
  0x000001dadfc6e0b0 JavaThread "Unconstrained build operations Thread 4" [_thread_blocked, id=4204, stack(0x000000d80d800000,0x000000d80d900000)]
  0x000001dadfc70c00 JavaThread "Unconstrained build operations Thread 5" [_thread_blocked, id=11124, stack(0x000000d80d900000,0x000000d80da00000)]
  0x000001dadfc728e0 JavaThread "Unconstrained build operations Thread 6" [_thread_blocked, id=11120, stack(0x000000d80da00000,0x000000d80db00000)]
  0x000001dadfc6f8c0 JavaThread "Unconstrained build operations Thread 7" [_thread_blocked, id=14064, stack(0x000000d80db00000,0x000000d80dc00000)]
  0x000001dadfc70730 JavaThread "Unconstrained build operations Thread 8" [_thread_blocked, id=14392, stack(0x000000d80dc00000,0x000000d80dd00000)]
  0x000001dadfc6e580 JavaThread "Unconstrained build operations Thread 9" [_thread_blocked, id=8536, stack(0x000000d80dd00000,0x000000d80de00000)]
  0x000001dadfc6ea50 JavaThread "Unconstrained build operations Thread 10" [_thread_blocked, id=10984, stack(0x000000d80de00000,0x000000d80df00000)]
  0x000001dadfc72410 JavaThread "Unconstrained build operations Thread 11" [_thread_blocked, id=9396, stack(0x000000d80df00000,0x000000d80e000000)]
  0x000001dadfc72db0 JavaThread "Unconstrained build operations Thread 12" [_thread_blocked, id=11628, stack(0x000000d80e000000,0x000000d80e100000)]
  0x000001dadfc71a70 JavaThread "Unconstrained build operations Thread 13" [_thread_blocked, id=5020, stack(0x000000d80e100000,0x000000d80e200000)]
  0x000001dadfc73280 JavaThread "Unconstrained build operations Thread 14" [_thread_blocked, id=8856, stack(0x000000d80e200000,0x000000d80e300000)]
  0x000001dadfc6ef20 JavaThread "Unconstrained build operations Thread 15" [_thread_blocked, id=3816, stack(0x000000d80e300000,0x000000d80e400000)]
  0x000001dadfc71f40 JavaThread "Unconstrained build operations Thread 16" [_thread_blocked, id=14548, stack(0x000000d80e400000,0x000000d80e500000)]
  0x000001dadfc6f3f0 JavaThread "Unconstrained build operations Thread 17" [_thread_blocked, id=12764, stack(0x000000d80e500000,0x000000d80e600000)]
  0x000001dadfc73750 JavaThread "Unconstrained build operations Thread 18" [_thread_blocked, id=3428, stack(0x000000d80e600000,0x000000d80e700000)]
  0x000001dadfc715a0 JavaThread "Unconstrained build operations Thread 19" [_thread_blocked, id=7644, stack(0x000000d80e700000,0x000000d80e800000)]
  0x000001dadfc710d0 JavaThread "Unconstrained build operations Thread 20" [_thread_blocked, id=2780, stack(0x000000d80e800000,0x000000d80e900000)]
  0x000001dadfc73c20 JavaThread "Unconstrained build operations Thread 21" [_thread_blocked, id=11584, stack(0x000000d80e900000,0x000000d80ea00000)]
  0x000001daddae6b20 JavaThread "Unconstrained build operations Thread 22" [_thread_blocked, id=14100, stack(0x000000d80ea00000,0x000000d80eb00000)]
  0x000001daddae74c0 JavaThread "Unconstrained build operations Thread 23" [_thread_blocked, id=11888, stack(0x000000d80eb00000,0x000000d80ec00000)]
  0x000001daddae1950 JavaThread "Unconstrained build operations Thread 24" [_thread_blocked, id=4332, stack(0x000000d80ec00000,0x000000d80ed00000)]
  0x000001daddae1e20 JavaThread "Unconstrained build operations Thread 25" [_thread_blocked, id=5008, stack(0x000000d80ed00000,0x000000d80ee00000)]
  0x000001daddae6650 JavaThread "Unconstrained build operations Thread 26" [_thread_blocked, id=13232, stack(0x000000d80ee00000,0x000000d80ef00000)]
  0x000001daddae5310 JavaThread "Unconstrained build operations Thread 27" [_thread_blocked, id=10168, stack(0x000000d80ef00000,0x000000d80f000000)]
  0x000001daddae44a0 JavaThread "Unconstrained build operations Thread 28" [_thread_blocked, id=13064, stack(0x000000d80f000000,0x000000d80f100000)]
  0x000001daddadfc70 JavaThread "Unconstrained build operations Thread 29" [_thread_blocked, id=9488, stack(0x000000d80f100000,0x000000d80f200000)]
  0x000001daddae5cb0 JavaThread "Unconstrained build operations Thread 30" [_thread_blocked, id=14036, stack(0x000000d80f200000,0x000000d80f300000)]
  0x000001daddae0ae0 JavaThread "Unconstrained build operations Thread 31" [_thread_blocked, id=9428, stack(0x000000d80f300000,0x000000d80f400000)]
  0x000001daddae22f0 JavaThread "Unconstrained build operations Thread 32" [_thread_blocked, id=3804, stack(0x000000d80f400000,0x000000d80f500000)]
  0x000001daddae27c0 JavaThread "Unconstrained build operations Thread 33" [_thread_blocked, id=8232, stack(0x000000d80f500000,0x000000d80f600000)]
  0x000001daddae2c90 JavaThread "Unconstrained build operations Thread 34" [_thread_blocked, id=14680, stack(0x000000d80f600000,0x000000d80f700000)]
  0x000001daddae0fb0 JavaThread "Unconstrained build operations Thread 35" [_thread_blocked, id=8396, stack(0x000000d80f700000,0x000000d80f800000)]
  0x000001daddae3160 JavaThread "Unconstrained build operations Thread 36" [_thread_blocked, id=15196, stack(0x000000d80f800000,0x000000d80f900000)]
  0x000001daddae6ff0 JavaThread "Unconstrained build operations Thread 37" [_thread_blocked, id=11868, stack(0x000000d80f900000,0x000000d80fa00000)]
  0x000001daddae0140 JavaThread "Unconstrained build operations Thread 38" [_thread_blocked, id=15148, stack(0x000000d80fa00000,0x000000d80fb00000)]
  0x000001daddae4e40 JavaThread "Unconstrained build operations Thread 39" [_thread_blocked, id=11444, stack(0x000000d80fb00000,0x000000d80fc00000)]
  0x000001daddae6180 JavaThread "Unconstrained build operations Thread 40" [_thread_blocked, id=8528, stack(0x000000d80fc00000,0x000000d80fd00000)]
  0x000001daddae1480 JavaThread "Unconstrained build operations Thread 41" [_thread_blocked, id=11372, stack(0x000000d80fd00000,0x000000d80fe00000)]
  0x000001daddae3fd0 JavaThread "Unconstrained build operations Thread 42" [_thread_blocked, id=1692, stack(0x000000d80fe00000,0x000000d80ff00000)]
  0x000001daddae0610 JavaThread "Unconstrained build operations Thread 43" [_thread_blocked, id=11600, stack(0x000000d80ff00000,0x000000d810000000)]
  0x000001daddae3630 JavaThread "Unconstrained build operations Thread 44" [_thread_blocked, id=1804, stack(0x000000d810000000,0x000000d810100000)]
  0x000001daddae3b00 JavaThread "Unconstrained build operations Thread 45" [_thread_blocked, id=3544, stack(0x000000d810100000,0x000000d810200000)]
  0x000001daddae4970 JavaThread "Unconstrained build operations Thread 46" [_thread_blocked, id=5740, stack(0x000000d810200000,0x000000d810300000)]
  0x000001daddae57e0 JavaThread "Unconstrained build operations Thread 47" [_thread_blocked, id=8884, stack(0x000000d810300000,0x000000d810400000)]
  0x000001daddc1c850 JavaThread "Unconstrained build operations Thread 48" [_thread_blocked, id=12880, stack(0x000000d810400000,0x000000d810500000)]
  0x000001daddc1e060 JavaThread "Unconstrained build operations Thread 49" [_thread_blocked, id=3332, stack(0x000000d810500000,0x000000d810600000)]
  0x000001daddc18e90 JavaThread "Unconstrained build operations Thread 50" [_thread_blocked, id=13096, stack(0x000000d810600000,0x000000d810700000)]
  0x000001daddc18020 JavaThread "Unconstrained build operations Thread 51" [_thread_blocked, id=15256, stack(0x000000d810700000,0x000000d810800000)]
  0x000001daddc1cd20 JavaThread "Unconstrained build operations Thread 52" [_thread_blocked, id=4100, stack(0x000000d810800000,0x000000d810900000)]
  0x000001daddc16810 JavaThread "Unconstrained build operations Thread 53" [_thread_blocked, id=11652, stack(0x000000d810900000,0x000000d810a00000)]
  0x000001daddc19830 JavaThread "Unconstrained build operations Thread 54" [_thread_blocked, id=13080, stack(0x000000d810a00000,0x000000d810b00000)]
  0x000001daddc1ab70 JavaThread "Unconstrained build operations Thread 55" [_thread_blocked, id=6080, stack(0x000000d810b00000,0x000000d810c00000)]
  0x000001daddc1b510 JavaThread "Unconstrained build operations Thread 56" [_thread_blocked, id=14844, stack(0x000000d810c00000,0x000000d810d00000)]
  0x000001daddc16ce0 JavaThread "Unconstrained build operations Thread 57" [_thread_blocked, id=13432, stack(0x000000d810d00000,0x000000d810e00000)]
  0x000001daddc171b0 JavaThread "Unconstrained build operations Thread 58" [_thread_blocked, id=7848, stack(0x000000d810e00000,0x000000d810f00000)]
  0x000001daddc1d6c0 JavaThread "Unconstrained build operations Thread 59" [_thread_blocked, id=13032, stack(0x000000d810f00000,0x000000d811000000)]
  0x000001daddc19360 JavaThread "Unconstrained build operations Thread 60" [_thread_blocked, id=8512, stack(0x000000d811000000,0x000000d811100000)]
  0x000001daddc1d1f0 JavaThread "Unconstrained build operations Thread 61" [_thread_blocked, id=5644, stack(0x000000d811100000,0x000000d811200000)]
  0x000001daddc1b9e0 JavaThread "Unconstrained build operations Thread 62" [_thread_blocked, id=13528, stack(0x000000d811200000,0x000000d811300000)]
  0x000001daddc184f0 JavaThread "Unconstrained build operations Thread 63" [_thread_blocked, id=13804, stack(0x000000d811300000,0x000000d811400000)]
  0x000001daddc189c0 JavaThread "Unconstrained build operations Thread 64" [_thread_blocked, id=9156, stack(0x000000d811400000,0x000000d811500000)]
  0x000001daddc19d00 JavaThread "Unconstrained build operations Thread 65" [_thread_blocked, id=14276, stack(0x000000d811500000,0x000000d811600000)]
  0x000001daddc1a1d0 JavaThread "Unconstrained build operations Thread 66" [_thread_blocked, id=12668, stack(0x000000d811600000,0x000000d811700000)]
  0x000001daddc1db90 JavaThread "Unconstrained build operations Thread 67" [_thread_blocked, id=8068, stack(0x000000d811700000,0x000000d811800000)]
  0x000001daddc1a6a0 JavaThread "Unconstrained build operations Thread 68" [_thread_blocked, id=9864, stack(0x000000d811800000,0x000000d811900000)]
  0x000001daddc1b040 JavaThread "Unconstrained build operations Thread 69" [_thread_blocked, id=14636, stack(0x000000d811900000,0x000000d811a00000)]
  0x000001daddc17680 JavaThread "Unconstrained build operations Thread 70" [_thread_blocked, id=10500, stack(0x000000d811a00000,0x000000d811b00000)]
  0x000001daddc1beb0 JavaThread "Unconstrained build operations Thread 71" [_thread_blocked, id=13396, stack(0x000000d811b00000,0x000000d811c00000)]
  0x000001daddc17b50 JavaThread "Unconstrained build operations Thread 72" [_thread_blocked, id=8256, stack(0x000000d811c00000,0x000000d811d00000)]
  0x000001daddc1c380 JavaThread "Unconstrained build operations Thread 73" [_thread_blocked, id=12844, stack(0x000000d811d00000,0x000000d811e00000)]
  0x000001dada702870 JavaThread "Unconstrained build operations Thread 74" [_thread_blocked, id=1216, stack(0x000000d811e00000,0x000000d811f00000)]
  0x000001dada704550 JavaThread "Unconstrained build operations Thread 75" [_thread_blocked, id=6232, stack(0x000000d811f00000,0x000000d812000000)]
  0x000001dada704ef0 JavaThread "Unconstrained build operations Thread 76" [_thread_blocked, id=11880, stack(0x000000d812000000,0x000000d812100000)]
  0x000001dada7088b0 JavaThread "Unconstrained build operations Thread 77" [_thread_blocked, id=12616, stack(0x000000d812100000,0x000000d812200000)]
  0x000001dada702d40 JavaThread "Unconstrained build operations Thread 78" [_thread_blocked, id=11936, stack(0x000000d812200000,0x000000d812300000)]
  0x000001dada703210 JavaThread "Unconstrained build operations Thread 79" [_thread_blocked, id=14920, stack(0x000000d812300000,0x000000d812400000)]
  0x000001dada704080 JavaThread "Unconstrained build operations Thread 80" [_thread_blocked, id=8988, stack(0x000000d812400000,0x000000d812500000)]
  0x000001dada707570 JavaThread "jar transforms Thread 6" [_thread_blocked, id=3540, stack(0x000000d812500000,0x000000d812600000)]
  0x000001dada703bb0 JavaThread "jar transforms Thread 7" [_thread_blocked, id=11344, stack(0x000000d812600000,0x000000d812700000)]
  0x000001dada701a00 JavaThread "jar transforms Thread 8" [_thread_blocked, id=13420, stack(0x000000d812700000,0x000000d812800000)]
  0x000001dada7070a0 JavaThread "Memory manager" [_thread_blocked, id=6076, stack(0x000000d812900000,0x000000d812a00000)]
  0x000001dada706bd0 JavaThread "included builds" [_thread_blocked, id=13496, stack(0x000000d812c00000,0x000000d812d00000)]
  0x000001dada707a40 JavaThread "Execution worker" [_thread_blocked, id=8752, stack(0x000000d812d00000,0x000000d812e00000)]
  0x000001dada707f10 JavaThread "Execution worker Thread 2" [_thread_blocked, id=6360, stack(0x000000d812e00000,0x000000d812f00000)]
  0x000001dadfb7f1f0 JavaThread "Execution worker Thread 3" [_thread_blocked, id=6216, stack(0x000000d812f00000,0x000000d813000000)]
  0x000001dadfb826e0 JavaThread "Execution worker Thread 4" [_thread_blocked, id=3896, stack(0x000000d813000000,0x000000d813100000)]
  0x000001dadfb80530 JavaThread "Execution worker Thread 5" [_thread_blocked, id=11752, stack(0x000000d813100000,0x000000d813200000)]
  0x000001dadfb85230 JavaThread "Execution worker Thread 6" [_thread_blocked, id=14868, stack(0x000000d813200000,0x000000d813300000)]
  0x000001dadfb81d40 JavaThread "Execution worker Thread 7" [_thread_blocked, id=8800, stack(0x000000d813300000,0x000000d813400000)]
  0x000001dadfb85bd0 JavaThread "Cache worker for execution history cache (E:\IFPB\CST\AndroidStudio\Sorte\.gradle\8.0\executionHistory)" [_thread_blocked, id=6244, stack(0x000000d813400000,0x000000d813500000)]
  0x000001dadfb860a0 JavaThread "WorkerExecutor Queue" [_thread_blocked, id=14136, stack(0x000000d813700000,0x000000d813800000)]
  0x000001dadfb80a00 JavaThread "WorkerExecutor Queue Thread 2" [_thread_blocked, id=5516, stack(0x000000d813800000,0x000000d813900000)]
  0x000001dadfb7f6c0 JavaThread "WorkerExecutor Queue Thread 3" [_thread_blocked, id=9456, stack(0x000000d813900000,0x000000d813a00000)]

Other Threads:
=>0x000001dad9866310 VMThread "VM Thread" [stack: 0x000000d809d00000,0x000000d809e00000] [id=9708]
  0x000001dada5d3f60 WatcherThread [stack: 0x000000d80a900000,0x000000d80aa00000] [id=3500]
  0x000001dabfab9aa0 GCTaskThread "GC Thread#0" [stack: 0x000000d809800000,0x000000d809900000] [id=10836]
  0x000001dadb2a9fe0 GCTaskThread "GC Thread#1" [stack: 0x000000d80ab00000,0x000000d80ac00000] [id=9584]
  0x000001dadb2aa290 GCTaskThread "GC Thread#2" [stack: 0x000000d80ac00000,0x000000d80ad00000] [id=4924]
  0x000001dadac027f0 GCTaskThread "GC Thread#3" [stack: 0x000000d80ad00000,0x000000d80ae00000] [id=668]
  0x000001dada893210 GCTaskThread "GC Thread#4" [stack: 0x000000d80ae00000,0x000000d80af00000] [id=12772]
  0x000001dadc8a9180 GCTaskThread "GC Thread#5" [stack: 0x000000d80b900000,0x000000d80ba00000] [id=6724]
  0x000001dadb4ba040 GCTaskThread "GC Thread#6" [stack: 0x000000d80ba00000,0x000000d80bb00000] [id=12944]
  0x000001dadb91a930 GCTaskThread "GC Thread#7" [stack: 0x000000d80bb00000,0x000000d80bc00000] [id=832]
  0x000001dabfaca8f0 ConcurrentGCThread "G1 Main Marker" [stack: 0x000000d809900000,0x000000d809a00000] [id=13952]
  0x000001dabfacb210 ConcurrentGCThread "G1 Conc#0" [stack: 0x000000d809a00000,0x000000d809b00000] [id=5336]
  0x000001dadb5bbac0 ConcurrentGCThread "G1 Conc#1" [stack: 0x000000d80bc00000,0x000000d80bd00000] [id=6688]
  0x000001dad97220c0 ConcurrentGCThread "G1 Refine#0" [stack: 0x000000d809b00000,0x000000d809c00000] [id=4256]
  0x000001dadb37c490 ConcurrentGCThread "G1 Refine#1" [stack: 0x000000d80c000000,0x000000d80c100000] [id=3672]
  0x000001dadb37c770 ConcurrentGCThread "G1 Refine#2" [stack: 0x000000d80c100000,0x000000d80c200000] [id=8048]
  0x000001dadb37cd30 ConcurrentGCThread "G1 Refine#3" [stack: 0x000000d80c200000,0x000000d80c300000] [id=12964]
  0x000001dadb37ca50 ConcurrentGCThread "G1 Refine#4" [stack: 0x000000d80c300000,0x000000d80c400000] [id=4220]
  0x000001dadb37d2f0 ConcurrentGCThread "G1 Refine#5" [stack: 0x000000d80c400000,0x000000d80c500000] [id=2920]
  0x000001dad97228f0 ConcurrentGCThread "G1 Service" [stack: 0x000000d809c00000,0x000000d809d00000] [id=7528]

Threads with active compile tasks:
C2 CompilerThread0    50997 13336   !   4       org.gradle.internal.classloader.CachingClassLoader::loadClass (85 bytes)

VM state: at safepoint (normal execution)

VM Mutex/Monitor currently owned by a thread:  ([mutex/lock_event])
[0x000001dabfa42910] Threads_lock - owner thread: 0x000001dad9866310
[0x000001dabfa42ac0] Heap_lock - owner thread: 0x000001dadae8f3c0

Heap address: 0x0000000080000000, size: 2048 MB, Compressed Oops mode: 32-bit

CDS archive(s) not mapped
Compressed class space mapped at: 0x0000000100000000-0x0000000140000000, reserved size: 1073741824
Narrow klass base: 0x0000000000000000, Narrow klass shift: 3, Narrow klass range: 0x140000000

GC Precious Log:
 CPUs: 8 total, 8 available
 Memory: 8056M
 Large Page Support: Disabled
 NUMA Support: Disabled
 Compressed Oops: Enabled (32-bit)
 Heap Region Size: 1M
 Heap Min Capacity: 8M
 Heap Initial Capacity: 126M
 Heap Max Capacity: 2G
 Pre-touch: Disabled
 Parallel Workers: 8
 Concurrent Workers: 2
 Concurrent Refinement Workers: 8
 Periodic GC: Disabled

Heap:
 garbage-first heap   total 193536K, used 109795K [0x0000000080000000, 0x0000000100000000)
  region size 1024K, 5 young (5120K), 5 survivors (5120K)
 Metaspace       used 109856K, committed 110592K, reserved 1146880K
  class space    used 14826K, committed 15168K, reserved 1048576K

Heap Regions: E=young(eden), S=young(survivor), O=old, HS=humongous(starts), HC=humongous(continues), CS=collection set, F=free, OA=open archive, CA=closed archive, TAMS=top-at-mark-start (previous, next)
|   0|0x0000000080000000, 0x0000000080100000, 0x0000000080100000|100%|HS|  |TAMS 0x0000000080100000, 0x0000000080000000| Complete 
|   1|0x0000000080100000, 0x0000000080200000, 0x0000000080200000|100%|HC|  |TAMS 0x0000000080200000, 0x0000000080100000| Complete 
|   2|0x0000000080200000, 0x0000000080300000, 0x0000000080300000|100%|HC|  |TAMS 0x0000000080300000, 0x0000000080200000| Complete 
|   3|0x0000000080300000, 0x0000000080400000, 0x0000000080400000|100%|HC|  |TAMS 0x0000000080400000, 0x0000000080300000| Complete 
|   4|0x0000000080400000, 0x0000000080500000, 0x0000000080500000|100%| O|  |TAMS 0x0000000080500000, 0x0000000080400000| Untracked 
|   5|0x0000000080500000, 0x0000000080600000, 0x0000000080600000|100%| O|  |TAMS 0x0000000080600000, 0x0000000080500000| Untracked 
|   6|0x0000000080600000, 0x0000000080700000, 0x0000000080700000|100%| O|  |TAMS 0x0000000080700000, 0x0000000080600000| Untracked 
|   7|0x0000000080700000, 0x0000000080800000, 0x0000000080800000|100%| O|  |TAMS 0x0000000080800000, 0x0000000080700000| Untracked 
|   8|0x0000000080800000, 0x0000000080900000, 0x0000000080900000|100%| O|  |TAMS 0x0000000080900000, 0x0000000080800000| Untracked 
|   9|0x0000000080900000, 0x0000000080a00000, 0x0000000080a00000|100%| O|  |TAMS 0x0000000080a00000, 0x0000000080900000| Untracked 
|  10|0x0000000080a00000, 0x0000000080b00000, 0x0000000080b00000|100%| O|  |TAMS 0x0000000080b00000, 0x0000000080a00000| Untracked 
|  11|0x0000000080b00000, 0x0000000080c00000, 0x0000000080c00000|100%| O|  |TAMS 0x0000000080c00000, 0x0000000080b00000| Untracked 
|  12|0x0000000080c00000, 0x0000000080d00000, 0x0000000080d00000|100%| O|  |TAMS 0x0000000080d00000, 0x0000000080c00000| Untracked 
|  13|0x0000000080d00000, 0x0000000080e00000, 0x0000000080e00000|100%| O|  |TAMS 0x0000000080e00000, 0x0000000080d00000| Untracked 
|  14|0x0000000080e00000, 0x0000000080f00000, 0x0000000080f00000|100%| O|  |TAMS 0x0000000080f00000, 0x0000000080e00000| Untracked 
|  15|0x0000000080f00000, 0x0000000081000000, 0x0000000081000000|100%| O|  |TAMS 0x0000000081000000, 0x0000000080f00000| Untracked 
|  16|0x0000000081000000, 0x0000000081100000, 0x0000000081100000|100%| O|  |TAMS 0x0000000081100000, 0x0000000081000000| Untracked 
|  17|0x0000000081100000, 0x0000000081200000, 0x0000000081200000|100%| O|  |TAMS 0x0000000081200000, 0x0000000081100000| Untracked 
|  18|0x0000000081200000, 0x0000000081300000, 0x0000000081300000|100%| O|  |TAMS 0x0000000081300000, 0x0000000081200000| Untracked 
|  19|0x0000000081300000, 0x0000000081400000, 0x0000000081400000|100%| O|  |TAMS 0x0000000081400000, 0x0000000081300000| Untracked 
|  20|0x0000000081400000, 0x0000000081500000, 0x0000000081500000|100%| O|  |TAMS 0x0000000081500000, 0x0000000081400000| Untracked 
|  21|0x0000000081500000, 0x0000000081600000, 0x0000000081600000|100%| O|  |TAMS 0x0000000081600000, 0x0000000081500000| Untracked 
|  22|0x0000000081600000, 0x0000000081700000, 0x0000000081700000|100%| O|  |TAMS 0x0000000081700000, 0x0000000081600000| Untracked 
|  23|0x0000000081700000, 0x0000000081800000, 0x0000000081800000|100%| O|  |TAMS 0x0000000081800000, 0x0000000081700000| Untracked 
|  24|0x0000000081800000, 0x0000000081900000, 0x0000000081900000|100%| O|  |TAMS 0x0000000081900000, 0x0000000081800000| Untracked 
|  25|0x0000000081900000, 0x0000000081a00000, 0x0000000081a00000|100%| O|  |TAMS 0x0000000081a00000, 0x0000000081900000| Untracked 
|  26|0x0000000081a00000, 0x0000000081b00000, 0x0000000081b00000|100%| O|  |TAMS 0x0000000081b00000, 0x0000000081a00000| Untracked 
|  27|0x0000000081b00000, 0x0000000081c00000, 0x0000000081c00000|100%| O|  |TAMS 0x0000000081c00000, 0x0000000081b00000| Untracked 
|  28|0x0000000081c00000, 0x0000000081d00000, 0x0000000081d00000|100%| O|  |TAMS 0x0000000081d00000, 0x0000000081c00000| Untracked 
|  29|0x0000000081d00000, 0x0000000081e00000, 0x0000000081e00000|100%| O|  |TAMS 0x0000000081e00000, 0x0000000081d00000| Untracked 
|  30|0x0000000081e00000, 0x0000000081f00000, 0x0000000081f00000|100%| O|  |TAMS 0x0000000081f00000, 0x0000000081e00000| Untracked 
|  31|0x0000000081f00000, 0x0000000082000000, 0x0000000082000000|100%| O|  |TAMS 0x0000000082000000, 0x0000000081f00000| Untracked 
|  32|0x0000000082000000, 0x0000000082100000, 0x0000000082100000|100%| O|  |TAMS 0x0000000082100000, 0x0000000082000000| Untracked 
|  33|0x0000000082100000, 0x0000000082200000, 0x0000000082200000|100%| O|  |TAMS 0x0000000082200000, 0x0000000082100000| Untracked 
|  34|0x0000000082200000, 0x0000000082300000, 0x0000000082300000|100%| O|  |TAMS 0x0000000082300000, 0x0000000082200000| Untracked 
|  35|0x0000000082300000, 0x0000000082400000, 0x0000000082400000|100%| O|  |TAMS 0x0000000082400000, 0x0000000082300000| Untracked 
|  36|0x0000000082400000, 0x0000000082500000, 0x0000000082500000|100%| O|  |TAMS 0x0000000082500000, 0x0000000082400000| Untracked 
|  37|0x0000000082500000, 0x0000000082600000, 0x0000000082600000|100%|HS|  |TAMS 0x0000000082600000, 0x0000000082500000| Complete 
|  38|0x0000000082600000, 0x0000000082700000, 0x0000000082700000|100%|HS|  |TAMS 0x0000000082700000, 0x0000000082600000| Complete 
|  39|0x0000000082700000, 0x0000000082800000, 0x0000000082800000|100%|HS|  |TAMS 0x0000000082800000, 0x0000000082700000| Complete 
|  40|0x0000000082800000, 0x0000000082900000, 0x0000000082900000|100%|HC|  |TAMS 0x0000000082900000, 0x0000000082800000| Complete 
|  41|0x0000000082900000, 0x0000000082a00000, 0x0000000082a00000|100%|HS|  |TAMS 0x0000000082a00000, 0x0000000082900000| Complete 
|  42|0x0000000082a00000, 0x0000000082b00000, 0x0000000082b00000|100%|HS|  |TAMS 0x0000000082b00000, 0x0000000082a00000| Complete 
|  43|0x0000000082b00000, 0x0000000082c00000, 0x0000000082c00000|100%|HC|  |TAMS 0x0000000082c00000, 0x0000000082b00000| Complete 
|  44|0x0000000082c00000, 0x0000000082d00000, 0x0000000082d00000|100%|HC|  |TAMS 0x0000000082d00000, 0x0000000082c00000| Complete 
|  45|0x0000000082d00000, 0x0000000082e00000, 0x0000000082e00000|100%|HC|  |TAMS 0x0000000082e00000, 0x0000000082d00000| Complete 
|  46|0x0000000082e00000, 0x0000000082f00000, 0x0000000082f00000|100%| O|  |TAMS 0x0000000082f00000, 0x0000000082e00000| Untracked 
|  47|0x0000000082f00000, 0x0000000083000000, 0x0000000083000000|100%| O|  |TAMS 0x0000000083000000, 0x0000000082f00000| Untracked 
|  48|0x0000000083000000, 0x0000000083100000, 0x0000000083100000|100%| O|  |TAMS 0x0000000083100000, 0x0000000083000000| Untracked 
|  49|0x0000000083100000, 0x0000000083200000, 0x0000000083200000|100%| O|  |TAMS 0x0000000083200000, 0x0000000083100000| Untracked 
|  50|0x0000000083200000, 0x0000000083300000, 0x0000000083300000|100%| O|  |TAMS 0x0000000083300000, 0x0000000083200000| Untracked 
|  51|0x0000000083300000, 0x0000000083400000, 0x0000000083400000|100%| O|  |TAMS 0x0000000083400000, 0x0000000083300000| Untracked 
|  52|0x0000000083400000, 0x0000000083500000, 0x0000000083500000|100%| O|  |TAMS 0x0000000083500000, 0x0000000083400000| Untracked 
|  53|0x0000000083500000, 0x0000000083600000, 0x0000000083600000|100%| O|  |TAMS 0x0000000083600000, 0x0000000083500000| Untracked 
|  54|0x0000000083600000, 0x0000000083700000, 0x0000000083700000|100%| O|  |TAMS 0x0000000083700000, 0x0000000083600000| Untracked 
|  55|0x0000000083700000, 0x0000000083800000, 0x0000000083800000|100%| O|  |TAMS 0x0000000083800000, 0x0000000083700000| Untracked 
|  56|0x0000000083800000, 0x0000000083900000, 0x0000000083900000|100%| O|  |TAMS 0x0000000083900000, 0x0000000083800000| Untracked 
|  57|0x0000000083900000, 0x0000000083a00000, 0x0000000083a00000|100%| O|  |TAMS 0x0000000083a00000, 0x0000000083900000| Untracked 
|  58|0x0000000083a00000, 0x0000000083b00000, 0x0000000083b00000|100%| O|  |TAMS 0x0000000083b00000, 0x0000000083a00000| Untracked 
|  59|0x0000000083b00000, 0x0000000083c00000, 0x0000000083c00000|100%| O|  |TAMS 0x0000000083c00000, 0x0000000083b00000| Untracked 
|  60|0x0000000083c00000, 0x0000000083d00000, 0x0000000083d00000|100%| O|  |TAMS 0x0000000083d00000, 0x0000000083c00000| Untracked 
|  61|0x0000000083d00000, 0x0000000083e00000, 0x0000000083e00000|100%| O|  |TAMS 0x0000000083e00000, 0x0000000083d00000| Untracked 
|  62|0x0000000083e00000, 0x0000000083f00000, 0x0000000083f00000|100%| O|  |TAMS 0x0000000083f00000, 0x0000000083e00000| Untracked 
|  63|0x0000000083f00000, 0x0000000084000000, 0x0000000084000000|100%| O|  |TAMS 0x0000000084000000, 0x0000000083f00000| Untracked 
|  64|0x0000000084000000, 0x0000000084100000, 0x0000000084100000|100%| O|  |TAMS 0x0000000084100000, 0x0000000084000000| Untracked 
|  65|0x0000000084100000, 0x0000000084200000, 0x0000000084200000|100%| O|  |TAMS 0x0000000084200000, 0x0000000084100000| Untracked 
|  66|0x0000000084200000, 0x0000000084300000, 0x0000000084300000|100%| O|  |TAMS 0x0000000084300000, 0x0000000084200000| Untracked 
|  67|0x0000000084300000, 0x0000000084400000, 0x0000000084400000|100%| O|  |TAMS 0x0000000084400000, 0x0000000084300000| Untracked 
|  68|0x0000000084400000, 0x0000000084500000, 0x0000000084500000|100%| O|  |TAMS 0x0000000084500000, 0x0000000084400000| Untracked 
|  69|0x0000000084500000, 0x0000000084600000, 0x0000000084600000|100%| O|  |TAMS 0x0000000084600000, 0x0000000084500000| Untracked 
|  70|0x0000000084600000, 0x0000000084700000, 0x0000000084700000|100%| O|  |TAMS 0x0000000084700000, 0x0000000084600000| Untracked 
|  71|0x0000000084700000, 0x0000000084800000, 0x0000000084800000|100%| O|  |TAMS 0x0000000084800000, 0x0000000084700000| Untracked 
|  72|0x0000000084800000, 0x0000000084900000, 0x0000000084900000|100%| O|  |TAMS 0x0000000084900000, 0x0000000084800000| Untracked 
|  73|0x0000000084900000, 0x0000000084a00000, 0x0000000084a00000|100%| O|  |TAMS 0x0000000084a00000, 0x0000000084900000| Untracked 
|  74|0x0000000084a00000, 0x0000000084b00000, 0x0000000084b00000|100%| O|  |TAMS 0x0000000084b00000, 0x0000000084a00000| Untracked 
|  75|0x0000000084b00000, 0x0000000084c00000, 0x0000000084c00000|100%| O|  |TAMS 0x0000000084c00000, 0x0000000084b00000| Untracked 
|  76|0x0000000084c00000, 0x0000000084d00000, 0x0000000084d00000|100%| O|  |TAMS 0x0000000084d00000, 0x0000000084c00000| Untracked 
|  77|0x0000000084d00000, 0x0000000084e00000, 0x0000000084e00000|100%| O|  |TAMS 0x0000000084e00000, 0x0000000084d00000| Untracked 
|  78|0x0000000084e00000, 0x0000000084f00000, 0x0000000084f00000|100%| O|  |TAMS 0x0000000084f00000, 0x0000000084e00000| Untracked 
|  79|0x0000000084f00000, 0x0000000085000000, 0x0000000085000000|100%| O|  |TAMS 0x0000000085000000, 0x0000000084f00000| Untracked 
|  80|0x0000000085000000, 0x0000000085100000, 0x0000000085100000|100%| O|  |TAMS 0x0000000085100000, 0x0000000085000000| Untracked 
|  81|0x0000000085100000, 0x0000000085200000, 0x0000000085200000|100%| O|  |TAMS 0x0000000085200000, 0x0000000085100000| Untracked 
|  82|0x0000000085200000, 0x0000000085300000, 0x0000000085300000|100%| O|  |TAMS 0x0000000085300000, 0x0000000085200000| Untracked 
|  83|0x0000000085300000, 0x0000000085400000, 0x0000000085400000|100%| O|  |TAMS 0x0000000085400000, 0x0000000085300000| Untracked 
|  84|0x0000000085400000, 0x0000000085500000, 0x0000000085500000|100%| O|  |TAMS 0x0000000085500000, 0x0000000085400000| Untracked 
|  85|0x0000000085500000, 0x0000000085600000, 0x0000000085600000|100%| O|  |TAMS 0x0000000085600000, 0x0000000085500000| Untracked 
|  86|0x0000000085600000, 0x0000000085700000, 0x0000000085700000|100%| O|  |TAMS 0x0000000085700000, 0x0000000085600000| Untracked 
|  87|0x0000000085700000, 0x0000000085800000, 0x0000000085800000|100%| O|  |TAMS 0x0000000085800000, 0x0000000085700000| Untracked 
|  88|0x0000000085800000, 0x0000000085900000, 0x0000000085900000|100%| O|  |TAMS 0x0000000085900000, 0x0000000085800000| Untracked 
|  89|0x0000000085900000, 0x0000000085a00000, 0x0000000085a00000|100%| O|  |TAMS 0x0000000085a00000, 0x0000000085900000| Untracked 
|  90|0x0000000085a00000, 0x0000000085b00000, 0x0000000085b00000|100%| O|  |TAMS 0x0000000085b00000, 0x0000000085a00000| Untracked 
|  91|0x0000000085b00000, 0x0000000085c00000, 0x0000000085c00000|100%| O|  |TAMS 0x0000000085c00000, 0x0000000085b00000| Untracked 
|  92|0x0000000085c00000, 0x0000000085d00000, 0x0000000085d00000|100%| O|  |TAMS 0x0000000085d00000, 0x0000000085c00000| Untracked 
|  93|0x0000000085d00000, 0x0000000085d00000, 0x0000000085e00000|  0%| F|  |TAMS 0x0000000085d00000, 0x0000000085d00000| Untracked 
|  94|0x0000000085e00000, 0x0000000085f00000, 0x0000000085f00000|100%| O|  |TAMS 0x0000000085e00000, 0x0000000085e00000| Untracked 
|  95|0x0000000085f00000, 0x0000000086000000, 0x0000000086000000|100%| O|  |TAMS 0x0000000085f00000, 0x0000000085f00000| Untracked 
|  96|0x0000000086000000, 0x0000000086100000, 0x0000000086100000|100%| O|  |TAMS 0x0000000086000000, 0x0000000086000000| Untracked 
|  97|0x0000000086100000, 0x00000000861c2800, 0x0000000086200000| 75%| O|  |TAMS 0x0000000086100000, 0x0000000086100000| Untracked 
|  98|0x0000000086200000, 0x0000000086200000, 0x0000000086300000|  0%| F|  |TAMS 0x0000000086200000, 0x0000000086200000| Untracked 
|  99|0x0000000086300000, 0x0000000086300000, 0x0000000086400000|  0%| F|  |TAMS 0x0000000086300000, 0x0000000086300000| Untracked 
| 100|0x0000000086400000, 0x0000000086400000, 0x0000000086500000|  0%| F|  |TAMS 0x0000000086400000, 0x0000000086400000| Untracked 
| 101|0x0000000086500000, 0x0000000086500000, 0x0000000086600000|  0%| F|  |TAMS 0x0000000086500000, 0x0000000086500000| Untracked 
| 102|0x0000000086600000, 0x0000000086600000, 0x0000000086700000|  0%| F|  |TAMS 0x0000000086600000, 0x0000000086600000| Untracked 
| 103|0x0000000086700000, 0x0000000086800000, 0x0000000086800000|100%| O|  |TAMS 0x0000000086800000, 0x0000000086700000| Untracked 
| 104|0x0000000086800000, 0x0000000086900000, 0x0000000086900000|100%| O|  |TAMS 0x0000000086900000, 0x0000000086800000| Untracked 
| 105|0x0000000086900000, 0x0000000086a00000, 0x0000000086a00000|100%| O|  |TAMS 0x0000000086a00000, 0x0000000086900000| Untracked 
| 106|0x0000000086a00000, 0x0000000086b00000, 0x0000000086b00000|100%| O|  |TAMS 0x0000000086b00000, 0x0000000086a00000| Untracked 
| 107|0x0000000086b00000, 0x0000000086b00000, 0x0000000086c00000|  0%| F|  |TAMS 0x0000000086b00000, 0x0000000086b00000| Untracked 
| 108|0x0000000086c00000, 0x0000000086c00000, 0x0000000086d00000|  0%| F|  |TAMS 0x0000000086c00000, 0x0000000086c00000| Untracked 
| 109|0x0000000086d00000, 0x0000000086d00000, 0x0000000086e00000|  0%| F|  |TAMS 0x0000000086d00000, 0x0000000086d00000| Untracked 
| 110|0x0000000086e00000, 0x0000000086f00000, 0x0000000086f00000|100%| O|  |TAMS 0x0000000086eb8800, 0x0000000086e00000| Untracked 
| 111|0x0000000086f00000, 0x0000000086f00000, 0x0000000087000000|  0%| F|  |TAMS 0x0000000086f00000, 0x0000000086f00000| Untracked 
| 112|0x0000000087000000, 0x0000000087000000, 0x0000000087100000|  0%| F|  |TAMS 0x0000000087000000, 0x0000000087000000| Untracked 
| 113|0x0000000087100000, 0x0000000087100000, 0x0000000087200000|  0%| F|  |TAMS 0x0000000087100000, 0x0000000087100000| Untracked 
| 114|0x0000000087200000, 0x0000000087200000, 0x0000000087300000|  0%| F|  |TAMS 0x0000000087200000, 0x0000000087200000| Untracked 
| 115|0x0000000087300000, 0x0000000087300000, 0x0000000087400000|  0%| F|  |TAMS 0x0000000087300000, 0x0000000087300000| Untracked 
| 116|0x0000000087400000, 0x0000000087400000, 0x0000000087500000|  0%| F|  |TAMS 0x0000000087400000, 0x0000000087400000| Untracked 
| 117|0x0000000087500000, 0x0000000087500000, 0x0000000087600000|  0%| F|  |TAMS 0x0000000087500000, 0x0000000087500000| Untracked 
| 118|0x0000000087600000, 0x0000000087600000, 0x0000000087700000|  0%| F|  |TAMS 0x0000000087600000, 0x0000000087600000| Untracked 
| 119|0x0000000087700000, 0x0000000087700000, 0x0000000087800000|  0%| F|  |TAMS 0x0000000087700000, 0x0000000087700000| Untracked 
| 120|0x0000000087800000, 0x0000000087800000, 0x0000000087900000|  0%| F|  |TAMS 0x0000000087800000, 0x0000000087800000| Untracked 
| 121|0x0000000087900000, 0x0000000087900000, 0x0000000087a00000|  0%| F|  |TAMS 0x0000000087900000, 0x0000000087900000| Untracked 
| 122|0x0000000087a00000, 0x0000000087a00000, 0x0000000087b00000|  0%| F|  |TAMS 0x0000000087a00000, 0x0000000087a00000| Untracked 
| 123|0x0000000087b00000, 0x0000000087b00000, 0x0000000087c00000|  0%| F|  |TAMS 0x0000000087b00000, 0x0000000087b00000| Untracked 
| 124|0x0000000087c00000, 0x0000000087c00000, 0x0000000087d00000|  0%| F|  |TAMS 0x0000000087c00000, 0x0000000087c00000| Untracked 
| 125|0x0000000087d00000, 0x0000000087e00000, 0x0000000087e00000|100%| O|  |TAMS 0x0000000087e00000, 0x0000000087d00000| Untracked 
| 126|0x0000000087e00000, 0x0000000087e00000, 0x0000000087f00000|  0%| F|  |TAMS 0x0000000087e00000, 0x0000000087e00000| Untracked 
| 127|0x0000000087f00000, 0x0000000087f00000, 0x0000000088000000|  0%| F|  |TAMS 0x0000000087f00000, 0x0000000087f00000| Untracked 
| 128|0x0000000088000000, 0x0000000088000000, 0x0000000088100000|  0%| F|  |TAMS 0x0000000088000000, 0x0000000088000000| Untracked 
| 129|0x0000000088100000, 0x0000000088100000, 0x0000000088200000|  0%| F|  |TAMS 0x0000000088100000, 0x0000000088100000| Untracked 
| 130|0x0000000088200000, 0x0000000088200000, 0x0000000088300000|  0%| F|  |TAMS 0x0000000088200000, 0x0000000088200000| Untracked 
| 131|0x0000000088300000, 0x0000000088300000, 0x0000000088400000|  0%| F|  |TAMS 0x0000000088300000, 0x0000000088300000| Untracked 
| 132|0x0000000088400000, 0x0000000088400000, 0x0000000088500000|  0%| F|  |TAMS 0x0000000088400000, 0x0000000088400000| Untracked 
| 133|0x0000000088500000, 0x0000000088576620, 0x0000000088600000| 46%| S|CS|TAMS 0x0000000088500000, 0x0000000088500000| Complete 
| 134|0x0000000088600000, 0x0000000088700000, 0x0000000088700000|100%| S|CS|TAMS 0x0000000088600000, 0x0000000088600000| Complete 
| 135|0x0000000088700000, 0x0000000088800000, 0x0000000088800000|100%| S|CS|TAMS 0x0000000088700000, 0x0000000088700000| Complete 
| 136|0x0000000088800000, 0x0000000088900000, 0x0000000088900000|100%| S|CS|TAMS 0x0000000088800000, 0x0000000088800000| Complete 
| 137|0x0000000088900000, 0x0000000088a00000, 0x0000000088a00000|100%| S|CS|TAMS 0x0000000088900000, 0x0000000088900000| Complete 
| 138|0x0000000088a00000, 0x0000000088a00000, 0x0000000088b00000|  0%| F|  |TAMS 0x0000000088a00000, 0x0000000088a00000| Untracked 
| 139|0x0000000088b00000, 0x0000000088b00000, 0x0000000088c00000|  0%| F|  |TAMS 0x0000000088b00000, 0x0000000088b00000| Untracked 
| 140|0x0000000088c00000, 0x0000000088c00000, 0x0000000088d00000|  0%| F|  |TAMS 0x0000000088c00000, 0x0000000088c00000| Untracked 
| 141|0x0000000088d00000, 0x0000000088d00000, 0x0000000088e00000|  0%| F|  |TAMS 0x0000000088d00000, 0x0000000088d00000| Untracked 
| 142|0x0000000088e00000, 0x0000000088e00000, 0x0000000088f00000|  0%| F|  |TAMS 0x0000000088e00000, 0x0000000088e00000| Untracked 
| 143|0x0000000088f00000, 0x0000000088f00000, 0x0000000089000000|  0%| F|  |TAMS 0x0000000088f00000, 0x0000000088f00000| Untracked 
| 144|0x0000000089000000, 0x0000000089000000, 0x0000000089100000|  0%| F|  |TAMS 0x0000000089000000, 0x0000000089000000| Untracked 
| 145|0x0000000089100000, 0x0000000089100000, 0x0000000089200000|  0%| F|  |TAMS 0x0000000089100000, 0x0000000089100000| Untracked 
| 146|0x0000000089200000, 0x0000000089200000, 0x0000000089300000|  0%| F|  |TAMS 0x0000000089200000, 0x0000000089200000| Untracked 
| 147|0x0000000089300000, 0x0000000089300000, 0x0000000089400000|  0%| F|  |TAMS 0x0000000089300000, 0x0000000089300000| Untracked 
| 148|0x0000000089400000, 0x0000000089400000, 0x0000000089500000|  0%| F|  |TAMS 0x0000000089400000, 0x0000000089400000| Untracked 
| 149|0x0000000089500000, 0x0000000089500000, 0x0000000089600000|  0%| F|  |TAMS 0x0000000089500000, 0x0000000089500000| Untracked 
| 150|0x0000000089600000, 0x0000000089600000, 0x0000000089700000|  0%| F|  |TAMS 0x0000000089600000, 0x0000000089600000| Untracked 
| 151|0x0000000089700000, 0x0000000089700000, 0x0000000089800000|  0%| F|  |TAMS 0x0000000089700000, 0x0000000089700000| Untracked 
| 152|0x0000000089800000, 0x0000000089800000, 0x0000000089900000|  0%| F|  |TAMS 0x0000000089800000, 0x0000000089800000| Untracked 
| 153|0x0000000089900000, 0x0000000089900000, 0x0000000089a00000|  0%| F|  |TAMS 0x0000000089900000, 0x0000000089900000| Untracked 
| 154|0x0000000089a00000, 0x0000000089a00000, 0x0000000089b00000|  0%| F|  |TAMS 0x0000000089a00000, 0x0000000089a00000| Untracked 
| 155|0x0000000089b00000, 0x0000000089b00000, 0x0000000089c00000|  0%| F|  |TAMS 0x0000000089b00000, 0x0000000089b00000| Untracked 
| 156|0x0000000089c00000, 0x0000000089c00000, 0x0000000089d00000|  0%| F|  |TAMS 0x0000000089c00000, 0x0000000089c00000| Untracked 
| 157|0x0000000089d00000, 0x0000000089d00000, 0x0000000089e00000|  0%| F|  |TAMS 0x0000000089d00000, 0x0000000089d00000| Untracked 
| 158|0x0000000089e00000, 0x0000000089e00000, 0x0000000089f00000|  0%| F|  |TAMS 0x0000000089e00000, 0x0000000089e00000| Untracked 
| 159|0x0000000089f00000, 0x0000000089f00000, 0x000000008a000000|  0%| F|  |TAMS 0x0000000089f00000, 0x0000000089f00000| Untracked 
| 160|0x000000008a000000, 0x000000008a000000, 0x000000008a100000|  0%| F|  |TAMS 0x000000008a000000, 0x000000008a000000| Untracked 
| 161|0x000000008a100000, 0x000000008a100000, 0x000000008a200000|  0%| F|  |TAMS 0x000000008a100000, 0x000000008a100000| Untracked 
| 162|0x000000008a200000, 0x000000008a200000, 0x000000008a300000|  0%| F|  |TAMS 0x000000008a200000, 0x000000008a200000| Untracked 
| 163|0x000000008a300000, 0x000000008a300000, 0x000000008a400000|  0%| F|  |TAMS 0x000000008a300000, 0x000000008a300000| Untracked 
| 164|0x000000008a400000, 0x000000008a400000, 0x000000008a500000|  0%| F|  |TAMS 0x000000008a400000, 0x000000008a400000| Untracked 
| 165|0x000000008a500000, 0x000000008a500000, 0x000000008a600000|  0%| F|  |TAMS 0x000000008a500000, 0x000000008a500000| Untracked 
| 166|0x000000008a600000, 0x000000008a600000, 0x000000008a700000|  0%| F|  |TAMS 0x000000008a600000, 0x000000008a600000| Untracked 
| 167|0x000000008a700000, 0x000000008a700000, 0x000000008a800000|  0%| F|  |TAMS 0x000000008a700000, 0x000000008a700000| Untracked 
| 168|0x000000008a800000, 0x000000008a800000, 0x000000008a900000|  0%| F|  |TAMS 0x000000008a800000, 0x000000008a800000| Untracked 
| 169|0x000000008a900000, 0x000000008a900000, 0x000000008aa00000|  0%| F|  |TAMS 0x000000008a900000, 0x000000008a900000| Untracked 
| 170|0x000000008aa00000, 0x000000008aa00000, 0x000000008ab00000|  0%| F|  |TAMS 0x000000008aa00000, 0x000000008aa00000| Untracked 
| 171|0x000000008ab00000, 0x000000008ab00000, 0x000000008ac00000|  0%| F|  |TAMS 0x000000008ab00000, 0x000000008ab00000| Untracked 
| 172|0x000000008ac00000, 0x000000008ac00000, 0x000000008ad00000|  0%| F|  |TAMS 0x000000008ac00000, 0x000000008ac00000| Untracked 
| 173|0x000000008ad00000, 0x000000008ad00000, 0x000000008ae00000|  0%| F|  |TAMS 0x000000008ad00000, 0x000000008ad00000| Untracked 
| 174|0x000000008ae00000, 0x000000008ae00000, 0x000000008af00000|  0%| F|  |TAMS 0x000000008ae00000, 0x000000008ae00000| Untracked 
| 175|0x000000008af00000, 0x000000008af00000, 0x000000008b000000|  0%| F|  |TAMS 0x000000008af00000, 0x000000008af00000| Untracked 
| 176|0x000000008b000000, 0x000000008b000000, 0x000000008b100000|  0%| F|  |TAMS 0x000000008b000000, 0x000000008b000000| Untracked 
| 177|0x000000008b100000, 0x000000008b100000, 0x000000008b200000|  0%| F|  |TAMS 0x000000008b100000, 0x000000008b100000| Untracked 
| 178|0x000000008b200000, 0x000000008b200000, 0x000000008b300000|  0%| F|  |TAMS 0x000000008b200000, 0x000000008b200000| Untracked 
| 179|0x000000008b300000, 0x000000008b300000, 0x000000008b400000|  0%| F|  |TAMS 0x000000008b300000, 0x000000008b300000| Untracked 
| 180|0x000000008b400000, 0x000000008b400000, 0x000000008b500000|  0%| F|  |TAMS 0x000000008b400000, 0x000000008b400000| Untracked 
| 181|0x000000008b500000, 0x000000008b500000, 0x000000008b600000|  0%| F|  |TAMS 0x000000008b500000, 0x000000008b500000| Untracked 
| 182|0x000000008b600000, 0x000000008b600000, 0x000000008b700000|  0%| F|  |TAMS 0x000000008b600000, 0x000000008b600000| Untracked 
| 183|0x000000008b700000, 0x000000008b700000, 0x000000008b800000|  0%| F|  |TAMS 0x000000008b700000, 0x000000008b700000| Untracked 
| 184|0x000000008b800000, 0x000000008b800000, 0x000000008b900000|  0%| F|  |TAMS 0x000000008b800000, 0x000000008b800000| Untracked 
| 185|0x000000008b900000, 0x000000008b900000, 0x000000008ba00000|  0%| F|  |TAMS 0x000000008b900000, 0x000000008b900000| Untracked 
| 186|0x000000008ba00000, 0x000000008ba00000, 0x000000008bb00000|  0%| F|  |TAMS 0x000000008ba00000, 0x000000008ba00000| Untracked 
| 187|0x000000008bb00000, 0x000000008bb00000, 0x000000008bc00000|  0%| F|  |TAMS 0x000000008bb00000, 0x000000008bb00000| Untracked 
| 188|0x000000008bc00000, 0x000000008bc00000, 0x000000008bd00000|  0%| F|  |TAMS 0x000000008bc00000, 0x000000008bc00000| Untracked 

Card table byte_map: [0x000001dad2660000,0x000001dad2a60000] _byte_map_base: 0x000001dad2260000

Marking Bits (Prev, Next): (CMBitMap*) 0x000001dabfab9fc0, (CMBitMap*) 0x000001dabfaba000
 Prev Bits: [0x000001dad2e60000, 0x000001dad4e60000)
 Next Bits: [0x000001dad4e60000, 0x000001dad6e60000)

Polling page: 0x000001dabd990000

Metaspace:

Usage:
  Non-class:     92.80 MB used.
      Class:     14.48 MB used.
       Both:    107.28 MB used.

Virtual space:
  Non-class space:       96.00 MB reserved,      93.19 MB ( 97%) committed,  12 nodes.
      Class space:        1.00 GB reserved,      14.81 MB (  1%) committed,  1 nodes.
             Both:        1.09 GB reserved,     108.00 MB ( 10%) committed. 

Chunk freelists:
   Non-Class:  2.58 MB
       Class:  1.08 MB
        Both:  3.66 MB

MaxMetaspaceSize: unlimited
CompressedClassSpaceSize: 1.00 GB
Initial GC threshold: 21.00 MB
Current GC threshold: 177.50 MB
CDS: off
MetaspaceReclaimPolicy: balanced
 - commit_granule_bytes: 65536.
 - commit_granule_words: 8192.
 - virtual_space_node_default_size: 1048576.
 - enlarge_chunks_in_place: 1.
 - new_chunks_are_fully_committed: 0.
 - uncommit_free_chunks: 1.
 - use_allocation_guard: 0.
 - handle_deallocations: 1.


Internal statistics:

num_allocs_failed_limit: 9.
num_arena_births: 1176.
num_arena_deaths: 6.
num_vsnodes_births: 13.
num_vsnodes_deaths: 0.
num_space_committed: 1727.
num_space_uncommitted: 0.
num_chunks_returned_to_freelist: 18.
num_chunks_taken_from_freelist: 5216.
num_chunk_merges: 12.
num_chunk_splits: 3432.
num_chunks_enlarged: 2277.
num_purges: 2.
num_inconsistent_stats: 0.

CodeHeap 'non-profiled nmethods': size=120000Kb used=6339Kb max_used=6339Kb free=113660Kb
 bounds [0x000001dacaa00000, 0x000001dacb040000, 0x000001dad1f30000]
CodeHeap 'profiled nmethods': size=120000Kb used=22839Kb max_used=22839Kb free=97160Kb
 bounds [0x000001dac2f30000, 0x000001dac4580000, 0x000001daca460000]
CodeHeap 'non-nmethods': size=5760Kb used=2451Kb max_used=2519Kb free=3308Kb
 bounds [0x000001daca460000, 0x000001daca700000, 0x000001dacaa00000]
 total_blobs=12741 nmethods=11744 adapters=909
 compilation: enabled
              stopped_count=0, restarted_count=0
 full_count=0

Compilation events (20 events):
Event: 49.449 Thread 0x000001dada4267d0 nmethod 13322 0x000001dacb02fb90 code [0x000001dacb02fd20, 0x000001dacb02fdc8]
Event: 49.449 Thread 0x000001dada4267d0 13325       4       sun.security.provider.SHA::implCompress (13 bytes)
Event: 49.449 Thread 0x000001dada4267d0 nmethod 13325 0x000001dacb02fe90 code [0x000001dacb030020, 0x000001dacb030128]
Event: 49.481 Thread 0x000001dada4274e0 13328       1       java.lang.StackTraceElement::getLineNumber (5 bytes)
Event: 49.481 Thread 0x000001dada4274e0 nmethod 13328 0x000001dacb030290 code [0x000001dacb030420, 0x000001dacb0304f8]
Event: 49.481 Thread 0x000001dada4274e0 13329       1       java.lang.StackTraceElement::getFileName (5 bytes)
Event: 49.481 Thread 0x000001dada4274e0 nmethod 13329 0x000001dacb030590 code [0x000001dacb030720, 0x000001dacb0307f8]
Event: 49.577 Thread 0x000001dada4274e0 13330       1       java.lang.StackTraceElement::getClassName (5 bytes)
Event: 49.577 Thread 0x000001dada4274e0 nmethod 13330 0x000001dacb030890 code [0x000001dacb030a20, 0x000001dacb030af8]
Event: 49.577 Thread 0x000001dada4274e0 13331       3       org.codehaus.groovy.runtime.StackTraceUtils::isApplicationClass (84 bytes)
Event: 49.577 Thread 0x000001dada4274e0 nmethod 13331 0x000001dac457a310 code [0x000001dac457a560, 0x000001dac457af98]
Event: 49.581 Thread 0x000001dada4274e0 13333       3       java.util.regex.Pattern$BranchConn::study (5 bytes)
Event: 49.581 Thread 0x000001dada4267d0 13332       4       java.util.regex.Pattern$Node::study (21 bytes)
Event: 49.581 Thread 0x000001dada4274e0 nmethod 13333 0x000001dac457b310 code [0x000001dac457b4a0, 0x000001dac457b5b8]
Event: 49.582 Thread 0x000001dada4267d0 nmethod 13332 0x000001dacb030b90 code [0x000001dacb030d00, 0x000001dacb030db8]
Event: 49.582 Thread 0x000001dada4274e0 13334   !   3       sun.nio.ch.IOUtil::write (178 bytes)
Event: 49.583 Thread 0x000001dada4274e0 nmethod 13334 0x000001dac457b690 code [0x000001dac457b8e0, 0x000001dac457c1a8]
Event: 49.583 Thread 0x000001dada4274e0 13335   !   3       sun.nio.ch.IOUtil::writeFromNativeBuffer (173 bytes)
Event: 49.583 Thread 0x000001dada4274e0 nmethod 13335 0x000001dac457c590 code [0x000001dac457c840, 0x000001dac457d5f8]
Event: 49.607 Thread 0x000001dada4267d0 13336   !   4       org.gradle.internal.classloader.CachingClassLoader::loadClass (85 bytes)

GC Heap History (20 events):
Event: 29.763 GC heap after
{Heap after GC invocations=41 (full 0):
 garbage-first heap   total 165888K, used 86835K [0x0000000080000000, 0x0000000100000000)
  region size 1024K, 4 young (4096K), 4 survivors (4096K)
 Metaspace       used 99181K, committed 99904K, reserved 1138688K
  class space    used 13528K, committed 13888K, reserved 1048576K
}
Event: 32.709 GC heap before
{Heap before GC invocations=41 (full 0):
 garbage-first heap   total 165888K, used 132915K [0x0000000080000000, 0x0000000100000000)
  region size 1024K, 49 young (50176K), 4 survivors (4096K)
 Metaspace       used 100923K, committed 101696K, reserved 1138688K
  class space    used 13847K, committed 14208K, reserved 1048576K
}
Event: 32.717 GC heap after
{Heap after GC invocations=42 (full 0):
 garbage-first heap   total 165888K, used 91467K [0x0000000080000000, 0x0000000100000000)
  region size 1024K, 7 young (7168K), 7 survivors (7168K)
 Metaspace       used 100923K, committed 101696K, reserved 1138688K
  class space    used 13847K, committed 14208K, reserved 1048576K
}
Event: 35.248 GC heap before
{Heap before GC invocations=42 (full 0):
 garbage-first heap   total 165888K, used 116043K [0x0000000080000000, 0x0000000100000000)
  region size 1024K, 33 young (33792K), 7 survivors (7168K)
 Metaspace       used 101472K, committed 102208K, reserved 1138688K
  class space    used 13909K, committed 14272K, reserved 1048576K
}
Event: 35.320 GC heap after
{Heap after GC invocations=43 (full 0):
 garbage-first heap   total 165888K, used 94369K [0x0000000080000000, 0x0000000100000000)
  region size 1024K, 3 young (3072K), 3 survivors (3072K)
 Metaspace       used 101472K, committed 102208K, reserved 1138688K
  class space    used 13909K, committed 14272K, reserved 1048576K
}
Event: 38.914 GC heap before
{Heap before GC invocations=44 (full 0):
 garbage-first heap   total 165888K, used 137377K [0x0000000080000000, 0x0000000100000000)
  region size 1024K, 43 young (44032K), 3 survivors (3072K)
 Metaspace       used 105100K, committed 105792K, reserved 1146880K
  class space    used 14323K, committed 14656K, reserved 1048576K
}
Event: 38.923 GC heap after
{Heap after GC invocations=45 (full 0):
 garbage-first heap   total 165888K, used 109101K [0x0000000080000000, 0x0000000100000000)
  region size 1024K, 6 young (6144K), 6 survivors (6144K)
 Metaspace       used 105100K, committed 105792K, reserved 1146880K
  class space    used 14323K, committed 14656K, reserved 1048576K
}
Event: 38.952 GC heap before
{Heap before GC invocations=45 (full 0):
 garbage-first heap   total 165888K, used 111149K [0x0000000080000000, 0x0000000100000000)
  region size 1024K, 8 young (8192K), 6 survivors (6144K)
 Metaspace       used 105158K, committed 105856K, reserved 1146880K
  class space    used 14330K, committed 14656K, reserved 1048576K
}
Event: 38.957 GC heap after
{Heap after GC invocations=46 (full 0):
 garbage-first heap   total 165888K, used 110833K [0x0000000080000000, 0x0000000100000000)
  region size 1024K, 1 young (1024K), 1 survivors (1024K)
 Metaspace       used 105158K, committed 105856K, reserved 1146880K
  class space    used 14330K, committed 14656K, reserved 1048576K
}
Event: 39.815 GC heap before
{Heap before GC invocations=46 (full 0):
 garbage-first heap   total 165888K, used 147697K [0x0000000080000000, 0x0000000100000000)
  region size 1024K, 21 young (21504K), 1 survivors (1024K)
 Metaspace       used 106740K, committed 107520K, reserved 1146880K
  class space    used 14485K, committed 14848K, reserved 1048576K
}
Event: 39.820 GC heap after
{Heap after GC invocations=47 (full 0):
 garbage-first heap   total 165888K, used 114244K [0x0000000080000000, 0x0000000100000000)
  region size 1024K, 3 young (3072K), 3 survivors (3072K)
 Metaspace       used 106740K, committed 107520K, reserved 1146880K
  class space    used 14485K, committed 14848K, reserved 1048576K
}
Event: 41.238 GC heap before
{Heap before GC invocations=47 (full 0):
 garbage-first heap   total 165888K, used 132676K [0x0000000080000000, 0x0000000100000000)
  region size 1024K, 22 young (22528K), 3 survivors (3072K)
 Metaspace       used 108026K, committed 108736K, reserved 1146880K
  class space    used 14626K, committed 14976K, reserved 1048576K
}
Event: 41.242 GC heap after
{Heap after GC invocations=48 (full 0):
 garbage-first heap   total 165888K, used 115906K [0x0000000080000000, 0x0000000100000000)
  region size 1024K, 2 young (2048K), 2 survivors (2048K)
 Metaspace       used 108026K, committed 108736K, reserved 1146880K
  class space    used 14626K, committed 14976K, reserved 1048576K
}
Event: 42.329 GC heap before
{Heap before GC invocations=48 (full 0):
 garbage-first heap   total 165888K, used 134338K [0x0000000080000000, 0x0000000100000000)
  region size 1024K, 21 young (21504K), 2 survivors (2048K)
 Metaspace       used 108282K, committed 109056K, reserved 1146880K
  class space    used 14649K, committed 15040K, reserved 1048576K
}
Event: 42.332 GC heap after
{Heap after GC invocations=49 (full 0):
 garbage-first heap   total 165888K, used 117008K [0x0000000080000000, 0x0000000100000000)
  region size 1024K, 3 young (3072K), 3 survivors (3072K)
 Metaspace       used 108282K, committed 109056K, reserved 1146880K
  class space    used 14649K, committed 15040K, reserved 1048576K
}
Event: 42.713 GC heap before
{Heap before GC invocations=50 (full 0):
 garbage-first heap   total 193536K, used 126224K [0x0000000080000000, 0x0000000100000000)
  region size 1024K, 23 young (23552K), 3 survivors (3072K)
 Metaspace       used 108605K, committed 109376K, reserved 1146880K
  class space    used 14669K, committed 15040K, reserved 1048576K
}
Event: 42.720 GC heap after
{Heap after GC invocations=51 (full 0):
 garbage-first heap   total 193536K, used 108270K [0x0000000080000000, 0x0000000100000000)
  region size 1024K, 3 young (3072K), 3 survivors (3072K)
 Metaspace       used 108605K, committed 109376K, reserved 1146880K
  class space    used 14669K, committed 15040K, reserved 1048576K
}
Event: 42.807 GC heap before
{Heap before GC invocations=51 (full 0):
 garbage-first heap   total 193536K, used 113390K [0x0000000080000000, 0x0000000100000000)
  region size 1024K, 9 young (9216K), 3 survivors (3072K)
 Metaspace       used 108771K, committed 109504K, reserved 1146880K
  class space    used 14689K, committed 15040K, reserved 1048576K
}
Event: 42.811 GC heap after
{Heap after GC invocations=52 (full 0):
 garbage-first heap   total 193536K, used 106783K [0x0000000080000000, 0x0000000100000000)
  region size 1024K, 2 young (2048K), 2 survivors (2048K)
 Metaspace       used 108771K, committed 109504K, reserved 1146880K
  class space    used 14689K, committed 15040K, reserved 1048576K
}
Event: 49.686 GC heap before
{Heap before GC invocations=52 (full 0):
 garbage-first heap   total 193536K, used 155935K [0x0000000080000000, 0x0000000100000000)
  region size 1024K, 51 young (52224K), 2 survivors (2048K)
 Metaspace       used 109856K, committed 110592K, reserved 1146880K
  class space    used 14826K, committed 15168K, reserved 1048576K
}

Dll operation events (2 events):
Event: 0.413 Loaded shared library E:\Program Files\Android\Android Studio\jbr\bin\java.dll
Event: 1.606 Loaded shared library E:\Program Files\Android\Android Studio\jbr\bin\verify.dll

Deoptimization events (20 events):
Event: 49.342 Thread 0x000001dadfb81870 Uncommon trap: trap_request=0xffffff45 fr.pc=0x000001dacadf4d14 relative=0x0000000000000a14
Event: 49.342 Thread 0x000001dadfb81870 Uncommon trap: reason=unstable_if action=reinterpret pc=0x000001dacadf4d14 method=java.lang.Thread.interrupted()Z @ 10 c2
Event: 49.342 Thread 0x000001dadfb81870 DEOPT PACKING pc=0x000001dacadf4d14 sp=0x000000d813aff460
Event: 49.342 Thread 0x000001dadfb81870 DEOPT UNPACKING pc=0x000001daca4b69a3 sp=0x000000d813aff390 mode 2
Event: 49.428 Thread 0x000001dadae8fd60 Uncommon trap: trap_request=0xffffff45 fr.pc=0x000001dacaf4515c relative=0x00000000000004bc
Event: 49.428 Thread 0x000001dadae8fd60 Uncommon trap: reason=unstable_if action=reinterpret pc=0x000001dacaf4515c method=java.io.ObjectOutputStream$BlockDataOutputStream.writeBytes(Ljava/lang/String;)V @ 22 c2
Event: 49.428 Thread 0x000001dadae8fd60 DEOPT PACKING pc=0x000001dacaf4515c sp=0x000000d80b8fd310
Event: 49.428 Thread 0x000001dadae8fd60 DEOPT UNPACKING pc=0x000001daca4b69a3 sp=0x000000d80b8fd2b8 mode 2
Event: 49.428 Thread 0x000001dadae8fd60 Uncommon trap: trap_request=0xffffff45 fr.pc=0x000001dacac48ce0 relative=0x00000000000004a0
Event: 49.428 Thread 0x000001dadae8fd60 Uncommon trap: reason=unstable_if action=reinterpret pc=0x000001dacac48ce0 method=java.io.ObjectOutputStream$BlockDataOutputStream.writeBytes(Ljava/lang/String;)V @ 22 c2
Event: 49.428 Thread 0x000001dadae8fd60 DEOPT PACKING pc=0x000001dacac48ce0 sp=0x000000d80b8fd310
Event: 49.428 Thread 0x000001dadae8fd60 DEOPT UNPACKING pc=0x000001daca4b69a3 sp=0x000000d80b8fd2b8 mode 2
Event: 49.483 Thread 0x000001dadae8ea20 Uncommon trap: trap_request=0xffffff45 fr.pc=0x000001dacaecd6f8 relative=0x00000000000005b8
Event: 49.483 Thread 0x000001dadae8ea20 Uncommon trap: reason=unstable_if action=reinterpret pc=0x000001dacaecd6f8 method=java.util.regex.Matcher.search(I)Z @ 76 c2
Event: 49.483 Thread 0x000001dadae8ea20 DEOPT PACKING pc=0x000001dacaecd6f8 sp=0x000000d80b5fbd10
Event: 49.483 Thread 0x000001dadae8ea20 DEOPT UNPACKING pc=0x000001daca4b69a3 sp=0x000000d80b5fbc70 mode 2
Event: 49.483 Thread 0x000001dadae8ea20 Uncommon trap: trap_request=0xffffff45 fr.pc=0x000001dacae5e9b8 relative=0x0000000000000578
Event: 49.483 Thread 0x000001dadae8ea20 Uncommon trap: reason=unstable_if action=reinterpret pc=0x000001dacae5e9b8 method=java.util.regex.Matcher.search(I)Z @ 76 c2
Event: 49.483 Thread 0x000001dadae8ea20 DEOPT PACKING pc=0x000001dacae5e9b8 sp=0x000000d80b5fbc80
Event: 49.483 Thread 0x000001dadae8ea20 DEOPT UNPACKING pc=0x000001daca4b69a3 sp=0x000000d80b5fbc60 mode 2

Classes unloaded (3 events):
Event: 42.410 Thread 0x000001dad9866310 Unloading class 0x0000000100dfcc00 'java/lang/invoke/LambdaForm$DMH+0x0000000100dfcc00'
Event: 42.410 Thread 0x000001dad9866310 Unloading class 0x0000000100dfc800 'java/lang/invoke/LambdaForm$DMH+0x0000000100dfc800'
Event: 42.410 Thread 0x000001dad9866310 Unloading class 0x0000000100dfc400 'java/lang/invoke/LambdaForm$DMH+0x0000000100dfc400'

Classes redefined (0 events):
No events

Internal exceptions (20 events):
Event: 42.517 Thread 0x000001dada707f10 Exception <a 'java/lang/NoSuchMethodError'{0x000000008b8ead00}: static Lcom/android/build/api/variant/impl/SerializableApplicationMultiOutputHandler;.<clinit>()V> (0x000000008b8ead00) 
thrown [s\src\hotspot\share\prims\jni.cpp, line 1108]
Event: 42.517 Thread 0x000001dada707f10 Exception <a 'java/lang/NoSuchMethodError'{0x000000008b7011a0}: static Lcom/android/build/api/variant/impl/VariantOutputImpl$SerializedForm;.<clinit>()V> (0x000000008b7011a0) 
thrown [s\src\hotspot\share\prims\jni.cpp, line 1108]
Event: 42.518 Thread 0x000001dada707f10 Exception <a 'java/lang/NoSuchMethodError'{0x000000008b7155f8}: static Lcom/android/build/api/variant/impl/VariantOutputConfigurationImpl;.<clinit>()V> (0x000000008b7155f8) 
thrown [s\src\hotspot\share\prims\jni.cpp, line 1108]
Event: 43.346 Thread 0x000001dadfb80a00 Exception <a 'sun/nio/fs/WindowsException'{0x000000008b7d7040}> (0x000000008b7d7040) 
thrown [s\src\hotspot\share\prims\jni.cpp, line 517]
Event: 43.346 Thread 0x000001dadfb80a00 Exception <a 'sun/nio/fs/WindowsException'{0x000000008b7d73d0}> (0x000000008b7d73d0) 
thrown [s\src\hotspot\share\prims\jni.cpp, line 517]
Event: 43.397 Thread 0x000001dadfb80a00 Exception <a 'sun/nio/fs/WindowsException'{0x000000008b7d8348}> (0x000000008b7d8348) 
thrown [s\src\hotspot\share\prims\jni.cpp, line 517]
Event: 43.397 Thread 0x000001dadfb80a00 Exception <a 'sun/nio/fs/WindowsException'{0x000000008b7d86d0}> (0x000000008b7d86d0) 
thrown [s\src\hotspot\share\prims\jni.cpp, line 517]
Event: 43.793 Thread 0x000001dadfb826e0 Exception <a 'sun/nio/fs/WindowsException'{0x000000008988b9c0}> (0x000000008988b9c0) 
thrown [s\src\hotspot\share\prims\jni.cpp, line 517]
Event: 43.864 Thread 0x000001dada707a40 Exception <a 'sun/nio/fs/WindowsException'{0x0000000089044418}> (0x0000000089044418) 
thrown [s\src\hotspot\share\prims\jni.cpp, line 517]
Event: 44.167 Thread 0x000001dadfb80a00 Exception <a 'java/lang/NoSuchMethodError'{0x000000008a387358}: 'void java.lang.invoke.DirectMethodHandle$Holder.invokeStatic(java.lang.Object, long)'> (0x000000008a387358) 
thrown [s\src\hotspot\share\interpreter\linkResolver.cpp, line 771]
Event: 44.167 Thread 0x000001dadfb80a00 Exception <a 'java/lang/NoSuchMethodError'{0x000000008a38cc58}: 'java.lang.Object java.lang.invoke.DirectMethodHandle$Holder.newInvokeSpecial(java.lang.Object, long)'> (0x000000008a38cc58) 
thrown [s\src\hotspot\share\interpreter\linkResolver.cpp, line 771]
Event: 44.192 Thread 0x000001dadfb80a00 Exception <a 'java/lang/NoSuchMethodError'{0x000000008a3939f0}: 'java.lang.Object java.lang.invoke.DirectMethodHandle$Holder.invokeStatic(java.lang.Object, java.lang.Object, long, java.lang.Object)'> (0x000000008a3939f0) 
thrown [s\src\hotspot\share\interpreter\linkResolver.cpp, line 771]
Event: 44.193 Thread 0x000001dadfb80a00 Exception <a 'java/lang/NoSuchMethodError'{0x000000008a397470}: 'java.lang.Object java.lang.invoke.DirectMethodHandle$Holder.invokeStaticInit(java.lang.Object, java.lang.Object, long, java.lang.Object)'> (0x000000008a397470) 
thrown [s\src\hotspot\share\interpreter\linkResolver.cpp, line 771]
Event: 46.596 Thread 0x000001dadfb80a00 Exception <a 'java/lang/NoSuchMethodError'{0x0000000088fa9768}: 'int java.lang.invoke.DirectMethodHandle$Holder.invokeSpecialIFC(java.lang.Object, java.lang.Object, java.lang.Object)'> (0x0000000088fa9768) 
thrown [s\src\hotspot\share\interpreter\linkResolver.cpp, line 771]
Event: 49.342 Thread 0x000001dadfb80a00 Exception <a 'java/io/IOException'{0x0000000088fc0040}> (0x0000000088fc0040) 
thrown [s\src\hotspot\share\prims\jni.cpp, line 517]
Event: 49.425 Thread 0x000001dadae8fd60 Exception <a 'java/lang/NoSuchMethodError'{0x0000000088b310e0}: static Lorg/gradle/internal/build/event/types/DefaultTaskFailureResult;.<clinit>()V> (0x0000000088b310e0) 
thrown [s\src\hotspot\share\prims\jni.cpp, line 1108]
Event: 49.427 Thread 0x000001dadae8fd60 Exception <a 'java/lang/NoSuchMethodError'{0x0000000088b51668}: static Lorg/gradle/internal/build/event/types/DefaultFailure;.<clinit>()V> (0x0000000088b51668) 
thrown [s\src\hotspot\share\prims\jni.cpp, line 1108]
Event: 49.601 Thread 0x000001dadae8ea20 Exception <a 'sun/nio/fs/WindowsException'{0x0000000088a2fdf8}> (0x0000000088a2fdf8) 
thrown [s\src\hotspot\share\prims\jni.cpp, line 517]
Event: 49.601 Thread 0x000001dadae8ea20 Exception <a 'sun/nio/fs/WindowsException'{0x0000000088a30178}> (0x0000000088a30178) 
thrown [s\src\hotspot\share\prims\jni.cpp, line 517]
Event: 49.604 Thread 0x000001dadae8ea20 Exception <a 'sun/nio/fs/WindowsException'{0x0000000088a3deb0}> (0x0000000088a3deb0) 
thrown [s\src\hotspot\share\prims\jni.cpp, line 517]

VM Operations (20 events):
Event: 42.720 Executing VM operation: G1CollectForAllocation done
Event: 42.807 Executing VM operation: G1CollectForAllocation
Event: 42.811 Executing VM operation: G1CollectForAllocation done
Event: 43.428 Executing VM operation: HandshakeAllThreads
Event: 43.428 Executing VM operation: HandshakeAllThreads done
Event: 43.551 Executing VM operation: ICBufferFull
Event: 43.551 Executing VM operation: ICBufferFull done
Event: 44.194 Executing VM operation: HandshakeAllThreads
Event: 44.194 Executing VM operation: HandshakeAllThreads done
Event: 45.202 Executing VM operation: Cleanup
Event: 45.203 Executing VM operation: Cleanup done
Event: 47.231 Executing VM operation: Cleanup
Event: 47.231 Executing VM operation: Cleanup done
Event: 49.345 Executing VM operation: HandshakeAllThreads
Event: 49.345 Executing VM operation: HandshakeAllThreads done
Event: 49.345 Executing VM operation: Cleanup
Event: 49.345 Executing VM operation: Cleanup done
Event: 49.595 Executing VM operation: HandshakeAllThreads
Event: 49.595 Executing VM operation: HandshakeAllThreads done
Event: 49.639 Executing VM operation: G1CollectForAllocation

Events (20 events):
Event: 44.194 loading class jdk/internal/event/ProcessStartEvent
Event: 44.340 loading class jdk/internal/event/ProcessStartEvent done
Event: 44.341 Thread 0x000001dadfb84890 Thread added: 0x000001dadfb84890
Event: 44.341 Thread 0x000001dadfb83a20 Thread added: 0x000001dadfb83a20
Event: 49.341 Thread 0x000001dadfb83a20 Thread exited: 0x000001dadfb83a20
Event: 49.341 Thread 0x000001dadfb84890 Thread exited: 0x000001dadfb84890
Event: 49.342 Thread 0x000001dadfb81870 Thread exited: 0x000001dadfb81870
Event: 49.350 loading class java/lang/Throwable$WrappedPrintWriter
Event: 49.405 loading class java/lang/Throwable$PrintStreamOrWriter
Event: 49.420 loading class java/lang/Throwable$PrintStreamOrWriter done
Event: 49.420 loading class java/lang/Throwable$WrappedPrintWriter done
Event: 49.431 loading class java/util/concurrent/ConcurrentLinkedQueue$Itr
Event: 49.478 loading class java/util/concurrent/ConcurrentLinkedQueue$Itr done
Event: 49.483 loading class java/util/logging/LogRecord
Event: 49.576 loading class java/util/logging/LogRecord done
Event: 49.578 Thread 0x000001dada7083e0 Thread exited: 0x000001dada7083e0
Event: 49.578 Thread 0x000001dada701060 Thread exited: 0x000001dada701060
Event: 49.578 Thread 0x000001dada7023a0 Thread exited: 0x000001dada7023a0
Event: 49.610 loading class javax/management/InstanceAlreadyExistsException
Event: 49.683 loading class javax/management/InstanceAlreadyExistsException done


Dynamic libraries:
0x00007ff7c69e0000 - 0x00007ff7c69ea000 	E:\Program Files\Android\Android Studio\jbr\bin\java.exe
0x00007ffd75af0000 - 0x00007ffd75ce8000 	C:\Windows\SYSTEM32\ntdll.dll
0x00007ffd75000000 - 0x00007ffd750bd000 	C:\Windows\System32\KERNEL32.DLL
0x00007ffd73770000 - 0x00007ffd73a66000 	C:\Windows\System32\KERNELBASE.dll
0x00007ffd73390000 - 0x00007ffd73490000 	C:\Windows\System32\ucrtbase.dll
0x00007ffd58c80000 - 0x00007ffd58c9b000 	E:\Program Files\Android\Android Studio\jbr\bin\VCRUNTIME140.dll
0x00007ffd4b1d0000 - 0x00007ffd4b1e7000 	E:\Program Files\Android\Android Studio\jbr\bin\jli.dll
0x00007ffd74ab0000 - 0x00007ffd74c4e000 	C:\Windows\System32\USER32.dll
0x00007ffd73b20000 - 0x00007ffd73b42000 	C:\Windows\System32\win32u.dll
0x00007ffd68d90000 - 0x00007ffd6902a000 	C:\Windows\WinSxS\amd64_microsoft.windows.common-controls_6595b64144ccf1df_6.0.19041.1110_none_60b5254171f9507e\COMCTL32.dll
0x00007ffd74d70000 - 0x00007ffd74d9c000 	C:\Windows\System32\GDI32.dll
0x00007ffd731d0000 - 0x00007ffd732ea000 	C:\Windows\System32\gdi32full.dll
0x00007ffd74eb0000 - 0x00007ffd74f4e000 	C:\Windows\System32\msvcrt.dll
0x00007ffd73640000 - 0x00007ffd736dd000 	C:\Windows\System32\msvcp_win.dll
0x00007ffd75a80000 - 0x00007ffd75ab0000 	C:\Windows\System32\IMM32.DLL
0x00007ffd6fb70000 - 0x00007ffd6fb7c000 	E:\Program Files\Android\Android Studio\jbr\bin\vcruntime140_1.dll
0x00007ffd4a540000 - 0x00007ffd4a5cd000 	E:\Program Files\Android\Android Studio\jbr\bin\msvcp140.dll
0x00007ffcd7650000 - 0x00007ffcd82be000 	E:\Program Files\Android\Android Studio\jbr\bin\server\jvm.dll
0x00007ffd74f50000 - 0x00007ffd74ffe000 	C:\Windows\System32\ADVAPI32.dll
0x00007ffd75130000 - 0x00007ffd751cc000 	C:\Windows\System32\sechost.dll
0x00007ffd74390000 - 0x00007ffd744b6000 	C:\Windows\System32\RPCRT4.dll
0x00007ffd674c0000 - 0x00007ffd674c9000 	C:\Windows\SYSTEM32\WSOCK32.dll
0x00007ffd694b0000 - 0x00007ffd694ba000 	C:\Windows\SYSTEM32\VERSION.dll
0x00007ffd67560000 - 0x00007ffd67587000 	C:\Windows\SYSTEM32\WINMM.dll
0x00007ffd750c0000 - 0x00007ffd7512b000 	C:\Windows\System32\WS2_32.dll
0x00007ffd71a40000 - 0x00007ffd71a52000 	C:\Windows\SYSTEM32\kernel.appcore.dll
0x00007ffd6c750000 - 0x00007ffd6c75a000 	E:\Program Files\Android\Android Studio\jbr\bin\jimage.dll
0x00007ffd70f50000 - 0x00007ffd71134000 	C:\Windows\SYSTEM32\DBGHELP.DLL
0x00007ffd6b350000 - 0x00007ffd6b384000 	C:\Windows\SYSTEM32\dbgcore.DLL
0x00007ffd736e0000 - 0x00007ffd73762000 	C:\Windows\System32\bcryptPrimitives.dll
0x00007ffd56e70000 - 0x00007ffd56e95000 	E:\Program Files\Android\Android Studio\jbr\bin\java.dll
0x00007ffd56e50000 - 0x00007ffd56e68000 	E:\Program Files\Android\Android Studio\jbr\bin\zip.dll
0x00007ffd73b50000 - 0x00007ffd74295000 	C:\Windows\System32\SHELL32.dll
0x00007ffd71140000 - 0x00007ffd718db000 	C:\Windows\SYSTEM32\windows.storage.dll
0x00007ffd751d0000 - 0x00007ffd75524000 	C:\Windows\System32\combase.dll
0x00007ffd72c10000 - 0x00007ffd72c3e000 	C:\Windows\SYSTEM32\Wldp.dll
0x00007ffd74da0000 - 0x00007ffd74e4d000 	C:\Windows\System32\SHCORE.dll
0x00007ffd74930000 - 0x00007ffd74985000 	C:\Windows\System32\shlwapi.dll
0x00007ffd73100000 - 0x00007ffd73125000 	C:\Windows\SYSTEM32\profapi.dll
0x00007ffd4f870000 - 0x00007ffd4f889000 	E:\Program Files\Android\Android Studio\jbr\bin\net.dll
0x00007ffd6b600000 - 0x00007ffd6b70a000 	C:\Windows\SYSTEM32\WINHTTP.dll
0x00007ffd72970000 - 0x00007ffd729da000 	C:\Windows\system32\mswsock.dll
0x00007ffd4f790000 - 0x00007ffd4f7a6000 	E:\Program Files\Android\Android Studio\jbr\bin\nio.dll
0x00007ffd6b980000 - 0x00007ffd6b990000 	E:\Program Files\Android\Android Studio\jbr\bin\verify.dll
0x00007ffd62f10000 - 0x00007ffd62f37000 	C:\Users\Gabriel Xavier\.gradle\native\68d5fa5c4cc2d200863cafc0d521ce42e7d3e7ee720ec0a83991735586a16f82\windows-amd64\native-platform.dll
0x00007ffd32da0000 - 0x00007ffd32ee4000 	C:\Users\Gabriel Xavier\.gradle\native\e376f236ea51e6404a007f0833ffe2c6e607c4080706a723a18a27aeea778392\windows-amd64\native-platform-file-events.dll
0x00007ffd69e10000 - 0x00007ffd69e19000 	E:\Program Files\Android\Android Studio\jbr\bin\management.dll
0x00007ffd696e0000 - 0x00007ffd696eb000 	E:\Program Files\Android\Android Studio\jbr\bin\management_ext.dll
0x00007ffd74aa0000 - 0x00007ffd74aa8000 	C:\Windows\System32\PSAPI.DLL
0x00007ffd72b60000 - 0x00007ffd72b78000 	C:\Windows\SYSTEM32\CRYPTSP.dll
0x00007ffd72210000 - 0x00007ffd72244000 	C:\Windows\system32\rsaenh.dll
0x00007ffd73360000 - 0x00007ffd73387000 	C:\Windows\System32\bcrypt.dll
0x00007ffd730c0000 - 0x00007ffd730ee000 	C:\Windows\SYSTEM32\USERENV.dll
0x00007ffd72b80000 - 0x00007ffd72b8c000 	C:\Windows\SYSTEM32\CRYPTBASE.dll
0x00007ffd72610000 - 0x00007ffd7264b000 	C:\Windows\SYSTEM32\IPHLPAPI.DLL
0x00007ffd74670000 - 0x00007ffd74678000 	C:\Windows\System32\NSI.dll
0x00007ffd6cd30000 - 0x00007ffd6cd47000 	C:\Windows\SYSTEM32\dhcpcsvc6.DLL
0x00007ffd6ccb0000 - 0x00007ffd6cccd000 	C:\Windows\SYSTEM32\dhcpcsvc.DLL
0x00007ffd72650000 - 0x00007ffd7271a000 	C:\Windows\SYSTEM32\DNSAPI.dll
0x00007ffd4aac0000 - 0x00007ffd4aac7000 	C:\Windows\system32\wshunix.dll
0x00007ffd6a550000 - 0x00007ffd6a55a000 	C:\Windows\System32\rasadhlp.dll
0x00007ffd69730000 - 0x00007ffd697b2000 	C:\Windows\System32\fwpuclnt.dll
0x00007ffd58f30000 - 0x00007ffd58f47000 	C:\Windows\system32\napinsp.dll
0x00007ffd58f10000 - 0x00007ffd58f2b000 	C:\Windows\system32\pnrpnsp.dll
0x00007ffd58ef0000 - 0x00007ffd58f05000 	C:\Windows\system32\wshbth.dll
0x00007ffd6d430000 - 0x00007ffd6d44d000 	C:\Windows\system32\NLAapi.dll
0x00007ffd58ed0000 - 0x00007ffd58ee2000 	C:\Windows\System32\winrnr.dll
0x00007ffd72330000 - 0x00007ffd72363000 	C:\Windows\SYSTEM32\ntmarta.dll

dbghelp: loaded successfully - version: 4.0.5 - missing functions: none
symbol engine: initialized successfully - sym options: 0x614 - pdb path: .;E:\Program Files\Android\Android Studio\jbr\bin;C:\Windows\SYSTEM32;C:\Windows\WinSxS\amd64_microsoft.windows.common-controls_6595b64144ccf1df_6.0.19041.1110_none_60b5254171f9507e;E:\Program Files\Android\Android Studio\jbr\bin\server;C:\Users\Gabriel Xavier\.gradle\native\68d5fa5c4cc2d200863cafc0d521ce42e7d3e7ee720ec0a83991735586a16f82\windows-amd64;C:\Users\Gabriel Xavier\.gradle\native\e376f236ea51e6404a007f0833ffe2c6e607c4080706a723a18a27aeea778392\windows-amd64

VM Arguments:
jvm_args: --add-opens=java.base/java.util=ALL-UNNAMED --add-opens=java.base/java.lang=ALL-UNNAMED --add-opens=java.base/java.lang.invoke=ALL-UNNAMED --add-opens=java.prefs/java.util.prefs=ALL-UNNAMED --add-opens=java.base/java.nio.charset=ALL-UNNAMED --add-opens=java.base/java.net=ALL-UNNAMED --add-opens=java.base/java.util.concurrent.atomic=ALL-UNNAMED -Xmx2048m -Dfile.encoding=UTF-8 -Duser.country=BR -Duser.language=pt -Duser.variant 
java_command: org.gradle.launcher.daemon.bootstrap.GradleDaemon 8.0
java_class_path (initial): C:\Users\Gabriel Xavier\.gradle\wrapper\dists\gradle-8.0-bin\ca5e32bp14vu59qr306oxotwh\gradle-8.0\lib\gradle-launcher-8.0.jar
Launcher Type: SUN_STANDARD

[Global flags]
     intx CICompilerCount                          = 4                                         {product} {ergonomic}
     uint ConcGCThreads                            = 2                                         {product} {ergonomic}
     uint G1ConcRefinementThreads                  = 8                                         {product} {ergonomic}
   size_t G1HeapRegionSize                         = 1048576                                   {product} {ergonomic}
    uintx GCDrainStackTargetSize                   = 64                                        {product} {ergonomic}
   size_t InitialHeapSize                          = 132120576                                 {product} {ergonomic}
   size_t MarkStackSize                            = 4194304                                   {product} {ergonomic}
   size_t MaxHeapSize                              = 2147483648                                {product} {command line}
   size_t MaxNewSize                               = 1287651328                                {product} {ergonomic}
   size_t MinHeapDeltaBytes                        = 1048576                                   {product} {ergonomic}
   size_t MinHeapSize                              = 8388608                                   {product} {ergonomic}
    uintx NonNMethodCodeHeapSize                   = 5839372                                {pd product} {ergonomic}
    uintx NonProfiledCodeHeapSize                  = 122909434                              {pd product} {ergonomic}
    uintx ProfiledCodeHeapSize                     = 122909434                              {pd product} {ergonomic}
    uintx ReservedCodeCacheSize                    = 251658240                              {pd product} {ergonomic}
     bool SegmentedCodeCache                       = true                                      {product} {ergonomic}
   size_t SoftMaxHeapSize                          = 2147483648                             {manageable} {ergonomic}
     bool UseCompressedClassPointers               = true                           {product lp64_product} {ergonomic}
     bool UseCompressedOops                        = true                           {product lp64_product} {ergonomic}
     bool UseG1GC                                  = true                                      {product} {ergonomic}
     bool UseLargePagesIndividualAllocation        = false                                  {pd product} {ergonomic}

Logging:
Log output configuration:
 #0: stdout all=warning uptime,level,tags
 #1: stderr all=off uptime,level,tags

Environment Variables:
JAVA_HOME=C:\Program Files\Java\zulu17.44.15-ca-jdk17.0.8-win_x64
PATH=C:\Program Files\Eclipse Adoptium\jdk-17.0.8.101-hotspot\bin;C:\Program Files\Java\zulu17.44.15-ca-jdk17.0.8-win_x64\bin;C:\Python311\Scripts\;C:\Python311\;C:\Program Files (x86)\Common Files\Oracle\Java\javapath;C:\Windows\system32;C:\Windows;C:\Windows\System32\Wbem;C:\Windows\System32\WindowsPowerShell\v1.0\;C:\Windows\System32\OpenSSH\;C:\Program Files\Microsoft SQL Server\Client SDK\ODBC\170\Tools\Binn\;E:\Program Files (x86)\Microsoft SQL Server\150\Tools\Binn\;C:\Program Files\Microsoft SQL Server\150\Tools\Binn\;C:\Program Files\Microsoft SQL Server\150\DTS\Binn\;E:\Program Files (x86)\Microsoft SQL Server\150\DTS\Binn\;C:\Program Files\Azure Data Studio\bin;C:\ProgramData\chocolatey\bin;C:\Program Files (x86)\Yarn\bin\;E:\nodejs\;E:\Program Files\Git\cmd;C:\Program Files\MySQL\MySQL Shell 8.0\bin\;C:\Users\Gabriel Xavier\AppData\Local\Microsoft\WindowsApps;;E:\Microsoft VS Code\bin;C:\Program Files\Azure Data Studio\bin;C:\Users\Gabriel Xavier\AppData\Local\Yarn\bin;C:\Users\Gabriel Xavier\AppData\Roaming\npm
USERNAME=Gabriel Xavier
OS=Windows_NT
PROCESSOR_IDENTIFIER=Intel64 Family 6 Model 142 Stepping 10, GenuineIntel
TMP=C:\Users\GABRIE~1\AppData\Local\Temp
TEMP=C:\Users\GABRIE~1\AppData\Local\Temp


JNI global refs:
JNI global refs: 27, weak refs: 2

JNI global refs memory usage: 843, weak refs: 841


---------------  S Y S T E M  ---------------

OS:
 Windows 10 , 64 bit Build 19041 (10.0.19041.3393)
OS uptime: 1 days 22:03 hours

CPU: total 8 (initial active 8) (4 cores per cpu, 2 threads per core) family 6 model 142 stepping 10 microcode 0xd6, cx8, cmov, fxsr, ht, mmx, 3dnowpref, sse, sse2, sse3, ssse3, sse4.1, sse4.2, popcnt, lzcnt, tsc, tscinvbit, avx, avx2, aes, erms, clmul, bmi1, bmi2, adx, fma, vzeroupper, clflush, clflushopt

Memory: 4k page, system-wide physical 8056M (225M free)
TotalPageFile size 22286M (AvailPageFile size 115M)
current process WorkingSet (physical memory assigned to process): 397M, peak: 413M
current process commit charge ("private bytes"): 493M, peak: 619M

vm_info: OpenJDK 64-Bit Server VM (17.0.6+0-b2043.56-10027231) for windows-amd64 JRE (17.0.6+0-b2043.56-10027231), built on Apr 28 2023 00:43:19 by "androidbuild" with MS VC++ 16.10 / 16.11 (VS2019)

END.
